<?xml version="1.0" encoding="UTF-8"?>
<testsuite name="com.usher.springboot.blog.ApplicationTests" tests="1" skipped="0" failures="0" errors="0" timestamp="2018-07-09T12:06:29" hostname="DESKTOP-V341JIN" time="0.064">
  <properties/>
  <testcase name="contextLoads" classname="com.usher.springboot.blog.ApplicationTests" time="0.064"/>
  <system-out><![CDATA[20:06:07.726 [Test worker] DEBUG org.springframework.test.context.junit4.SpringJUnit4ClassRunner - SpringJUnit4ClassRunner constructor called with [class com.usher.springboot.blog.ApplicationTests]
20:06:07.732 [Test worker] DEBUG org.springframework.test.context.BootstrapUtils - Instantiating CacheAwareContextLoaderDelegate from class [org.springframework.test.context.cache.DefaultCacheAwareContextLoaderDelegate]
20:06:07.748 [Test worker] DEBUG org.springframework.test.context.BootstrapUtils - Instantiating BootstrapContext using constructor [public org.springframework.test.context.support.DefaultBootstrapContext(java.lang.Class,org.springframework.test.context.CacheAwareContextLoaderDelegate)]
20:06:07.771 [Test worker] DEBUG org.springframework.test.context.BootstrapUtils - Instantiating TestContextBootstrapper for test class [com.usher.springboot.blog.ApplicationTests] from class [org.springframework.boot.test.context.SpringBootTestContextBootstrapper]
20:06:07.806 [Test worker] INFO org.springframework.boot.test.context.SpringBootTestContextBootstrapper - Neither @ContextConfiguration nor @ContextHierarchy found for test class [com.usher.springboot.blog.ApplicationTests], using SpringBootContextLoader
20:06:07.811 [Test worker] DEBUG org.springframework.test.context.support.AbstractContextLoader - Did not detect default resource location for test class [com.usher.springboot.blog.ApplicationTests]: class path resource [com/usher/springboot/blog/ApplicationTests-context.xml] does not exist
20:06:07.812 [Test worker] DEBUG org.springframework.test.context.support.AbstractContextLoader - Did not detect default resource location for test class [com.usher.springboot.blog.ApplicationTests]: class path resource [com/usher/springboot/blog/ApplicationTestsContext.groovy] does not exist
20:06:07.813 [Test worker] INFO org.springframework.test.context.support.AbstractContextLoader - Could not detect default resource locations for test class [com.usher.springboot.blog.ApplicationTests]: no resource found for suffixes {-context.xml, Context.groovy}.
20:06:07.817 [Test worker] INFO org.springframework.test.context.support.AnnotationConfigContextLoaderUtils - Could not detect default configuration classes for test class [com.usher.springboot.blog.ApplicationTests]: ApplicationTests does not declare any static, non-private, non-final, nested classes annotated with @Configuration.
20:06:07.884 [Test worker] DEBUG org.springframework.test.context.support.ActiveProfilesUtils - Could not find an 'annotation declaring class' for annotation type [org.springframework.test.context.ActiveProfiles] and class [com.usher.springboot.blog.ApplicationTests]
20:06:07.895 [Test worker] DEBUG org.springframework.core.env.StandardEnvironment - Adding PropertySource 'systemProperties' with lowest search precedence
20:06:07.895 [Test worker] DEBUG org.springframework.core.env.StandardEnvironment - Adding PropertySource 'systemEnvironment' with lowest search precedence
20:06:07.896 [Test worker] DEBUG org.springframework.core.env.StandardEnvironment - Initialized StandardEnvironment with PropertySources [MapPropertySource@1524843220 {name='systemProperties', properties={java.runtime.name=Java(TM) SE Runtime Environment, sun.boot.library.path=C:\Program Files\Java\jdk1.8.0_151\jre\bin, java.vm.version=25.151-b12, java.vm.vendor=Oracle Corporation, java.vendor.url=http://java.oracle.com/, path.separator=;, java.vm.name=Java HotSpot(TM) 64-Bit Server VM, file.encoding.pkg=sun.io, user.script=, sun.java.launcher=SUN_STANDARD, user.country=CN, sun.os.patch.level=, java.vm.specification.name=Java Virtual Machine Specification, user.dir=D:\blog-prototype, java.runtime.version=1.8.0_151-b12, java.awt.graphicsenv=sun.awt.Win32GraphicsEnvironment, java.endorsed.dirs=C:\Program Files\Java\jdk1.8.0_151\jre\lib\endorsed, os.arch=amd64, java.io.tmpdir=C:\Users\24219\AppData\Local\Temp\, line.separator=
, java.vm.specification.vendor=Oracle Corporation, user.variant=, os.name=Windows 10, sun.jnu.encoding=GBK, java.library.path=C:\Program Files\Java\jdk1.8.0_151\bin;C:\Windows\Sun\Java\bin;C:\Windows\system32;C:\Windows;C:\ProgramData\Oracle\Java\javapath;C:\Windows\system32;C:\Windows;C:\Windows\System32\Wbem;C:\Windows\System32\WindowsPowerShell\v1.0\;C:\Program Files (x86)\NVIDIA Corporation\PhysX\Common;"C:\Program Files\Java\jdk1.8.0_151\bin;C:\Program Files\Java\jdk1.8.0_151\jre\bin";C:\Program Files\nodejs\;C:\Go\bin;C:\Program Files\MySQL\MySQL Utilities 1.6\;$HADOOP_HOME\bin;D:\JavaEE\apache-maven-3.5.2\bin;C:\Program Files\Intel\WiFi\bin\;C:\Program Files\Common Files\Intel\WirelessCommon\;H:\软件\apache-cxf-2.7.11\bin;H:\软件\gradle-3.5.1\bin;C:\Program Files\TortoiseSVN\bin;C:\Program Files\Git\cmd;C:\Users\24219\AppData\Local\Microsoft\WindowsApps;C:\Users\24219\AppData\Roaming\npm;C:\Program Files\Microsoft VS Code\bin;C:\Users\24219\AppData\Local\GitHubDesktop\bin;C:\Program Files\Intel\WiFi\bin\;C:\Program Files\Common Files\Intel\WirelessCommon\;., java.specification.name=Java Platform API Specification, java.class.version=52.0, sun.management.compiler=HotSpot 64-Bit Tiered Compilers, os.version=10.0, user.home=C:\Users\24219, user.timezone=Asia/Shanghai, java.awt.printerjob=sun.awt.windows.WPrinterJob, file.encoding=GBK, java.specification.version=1.8, java.class.path=D:\blog-prototype\build\classes\test;D:\blog-prototype\build\resources\test;D:\blog-prototype\build\classes\main;D:\blog-prototype\build\resources\main;C:\Users\24219\.gradle\caches\modules-2\files-2.1\org.springframework.boot\spring-boot-starter-web\1.5.14.RELEASE\ec32935a77eef7d87fc006af65064e3f9270796\spring-boot-starter-web-1.5.14.RELEASE.jar;C:\Users\24219\.gradle\caches\modules-2\files-2.1\org.thymeleaf\thymeleaf-spring4\3.0.2.RELEASE\9e99f78f944b58e491faa930f730709f80450892\thymeleaf-spring4-3.0.2.RELEASE.jar;C:\Users\24219\.gradle\caches\modules-2\files-2.1\org.springframework.boot\spring-boot-starter-thymeleaf\1.5.14.RELEASE\b90b699efc72a4c9fa756b2b5058875559d34915\spring-boot-starter-thymeleaf-1.5.14.RELEASE.jar;C:\Users\24219\.gradle\caches\modules-2\files-2.1\org.springframework.boot\spring-boot-starter-security\1.5.14.RELEASE\b726e43e13af897243104589e43d9b164158c79a\spring-boot-starter-security-1.5.14.RELEASE.jar;C:\Users\24219\.gradle\caches\modules-2\files-2.1\org.springframework.boot\spring-boot-starter-data-jpa\1.5.14.RELEASE\d259292ee2d8ad78b5aa95a9c7e60280cd0503a3\spring-boot-starter-data-jpa-1.5.14.RELEASE.jar;C:\Users\24219\.gradle\caches\modules-2\files-2.1\org.thymeleaf.extras\thymeleaf-extras-springsecurity4\3.0.2.RELEASE\ef051e8a72074063ca587bef9ee397a1ebe0cdcd\thymeleaf-extras-springsecurity4-3.0.2.RELEASE.jar;C:\Users\24219\.gradle\caches\modules-2\files-2.1\es.nitaur.markdown\txtmark\0.16\3b51485b8d80fd4a3650d2b5d83127d0fa002e0\txtmark-0.16.jar;C:\Users\24219\.gradle\caches\modules-2\files-2.1\mysql\mysql-connector-java\6.0.5\9d8df5a1f3273110f2a9ad304961bdd03d696d86\mysql-connector-java-6.0.5.jar;C:\Users\24219\.gradle\caches\modules-2\files-2.1\org.apache.commons\commons-lang3\3.5\6c6c702c89bfff3cd9e80b04d668c5e190d588c6\commons-lang3-3.5.jar;C:\Users\24219\.gradle\caches\modules-2\files-2.1\org.projectlombok\lombok\1.16.18\557d13dcb647038dc687390711ccb5c9b3ffbd60\lombok-1.16.18.jar;C:\Users\24219\.gradle\caches\modules-2\files-2.1\org.springframework.boot\spring-boot-starter-data-elasticsearch\1.5.14.RELEASE\332eb310d06ddb717ffbb79680bc1848e0058bba\spring-boot-starter-data-elasticsearch-1.5.14.RELEASE.jar;C:\Users\24219\.gradle\caches\modules-2\files-2.1\net.java.dev.jna\jna\4.3.0\f11d386a05132f54a51c99085f016e496f345ea3\jna-4.3.0.jar;C:\Users\24219\.gradle\caches\modules-2\files-2.1\org.springframework.boot\spring-boot-starter-tomcat\1.5.14.RELEASE\ec97b1bdac6feee248116a79c537023894950e4c\spring-boot-starter-tomcat-1.5.14.RELEASE.jar;C:\Users\24219\.gradle\caches\modules-2\files-2.1\org.springframework.boot\spring-boot-starter-test\1.5.14.RELEASE\52196e5194feeb54d302752246a1b3e205eef237\spring-boot-starter-test-1.5.14.RELEASE.jar;C:\Users\24219\.gradle\caches\modules-2\files-2.1\org.springframework.boot\spring-boot-starter\1.5.14.RELEASE\f890a2d65f01f8c63bf5a4472a2b28986a5aeb43\spring-boot-starter-1.5.14.RELEASE.jar;C:\Users\24219\.gradle\caches\modules-2\files-2.1\org.hibernate\hibernate-validator\5.3.6.Final\4c730be8bf55a8e9a61e79a2f2c079abf48b718\hibernate-validator-5.3.6.Final.jar;C:\Users\24219\.gradle\caches\modules-2\files-2.1\com.fasterxml.jackson.core\jackson-databind\2.8.11.2\2c5051e8e84d2c16316b758ebf746f9e90bef5a4\jackson-databind-2.8.11.2.jar;C:\Users\24219\.gradle\caches\modules-2\files-2.1\org.springframework\spring-web\4.3.18.RELEASE\e41042a70a7d80da52261c1dfc569c7518b70dce\spring-web-4.3.18.RELEASE.jar;C:\Users\24219\.gradle\caches\modules-2\files-2.1\org.springframework\spring-webmvc\4.3.18.RELEASE\67ad7f59830df97ab73f8c7ab53ea33ae7dcb68\spring-webmvc-4.3.18.RELEASE.jar;C:\Users\24219\.gradle\caches\modules-2\files-2.1\org.thymeleaf\thymeleaf\3.0.3.RELEASE\b1e8c9c81080fb158848d42aa54d0668bc2936af\thymeleaf-3.0.3.RELEASE.jar;C:\Users\24219\.gradle\caches\modules-2\files-2.1\org.slf4j\slf4j-api\1.7.25\da76ca59f6a57ee3102f8f9bd9cee742973efa8a\slf4j-api-1.7.25.jar;C:\Users\24219\.gradle\caches\modules-2\files-2.1\nz.net.ultraq.thymeleaf\thymeleaf-layout-dialect\2.2.0\15f250cc343825c3c4c72d8086981e3a2231f640\thymeleaf-layout-dialect-2.2.0.jar;C:\Users\24219\.gradle\caches\modules-2\files-2.1\org.springframework\spring-aop\4.3.18.RELEASE\dd930265a504563d76de79864ae3196f6e9035e0\spring-aop-4.3.18.RELEASE.jar;C:\Users\24219\.gradle\caches\modules-2\files-2.1\org.springframework.security\spring-security-config\4.2.7.RELEASE\5c096aa25285e3f8169b44c7dcf76166809921b1\spring-security-config-4.2.7.RELEASE.jar;C:\Users\24219\.gradle\caches\modules-2\files-2.1\org.springframework.security\spring-security-web\4.2.7.RELEASE\d15e32de9efe00355f8cdd7cf61d98ae886dcd94\spring-security-web-4.2.7.RELEASE.jar;C:\Users\24219\.gradle\caches\modules-2\files-2.1\org.springframework.boot\spring-boot-starter-aop\1.5.14.RELEASE\356db50e4875cdc706e4f298761bd864edcae400\spring-boot-starter-aop-1.5.14.RELEASE.jar;C:\Users\24219\.gradle\caches\modules-2\files-2.1\org.springframework.boot\spring-boot-starter-jdbc\1.5.14.RELEASE\dfe6414810f74dbfddc8f0dd1507e33bcdd9594\spring-boot-starter-jdbc-1.5.14.RELEASE.jar;C:\Users\24219\.gradle\caches\modules-2\files-2.1\org.hibernate\hibernate-core\5.2.8.Final\536e380bb49cf5e5ac7bcb017a1d46b5183af2f6\hibernate-core-5.2.8.Final.jar;C:\Users\24219\.gradle\caches\modules-2\files-2.1\org.hibernate\hibernate-entitymanager\5.2.8.Final\e1cb7f66c751c71fc05e2ac01378425609fb0623\hibernate-entitymanager-5.2.8.Final.jar;C:\Users\24219\.gradle\caches\modules-2\files-2.1\javax.transaction\javax.transaction-api\1.2\d81aff979d603edd90dcd8db2abc1f4ce6479e3e\javax.transaction-api-1.2.jar;C:\Users\24219\.gradle\caches\modules-2\files-2.1\org.springframework.data\spring-data-jpa\1.11.13.RELEASE\71fa865eb8446dc29d9a4765432f7728fe9a88be\spring-data-jpa-1.11.13.RELEASE.jar;C:\Users\24219\.gradle\caches\modules-2\files-2.1\org.springframework\spring-aspects\4.3.18.RELEASE\d7ff868830a15461ff749bea6860590f41777425\spring-aspects-4.3.18.RELEASE.jar;C:\Users\24219\.gradle\caches\modules-2\files-2.1\org.springframework.data\spring-data-elasticsearch\2.1.13.RELEASE\4c535059b8958ee63ac3d6d8974747b072a93291\spring-data-elasticsearch-2.1.13.RELEASE.jar;C:\Users\24219\.gradle\caches\modules-2\files-2.1\org.apache.tomcat.embed\tomcat-embed-core\8.5.31\f5adf7ed8c34aa005b22b6a2dc7b6796e10e9c79\tomcat-embed-core-8.5.31.jar;C:\Users\24219\.gradle\caches\modules-2\files-2.1\org.apache.tomcat.embed\tomcat-embed-el\8.5.31\3a536e1ac71b82627c3a7408eb38fa0704cb9034\tomcat-embed-el-8.5.31.jar;C:\Users\24219\.gradle\caches\modules-2\files-2.1\org.apache.tomcat.embed\tomcat-embed-websocket\8.5.31\6564e716b89de5eaa0dd234ae7989576503ddf3\tomcat-embed-websocket-8.5.31.jar;C:\Users\24219\.gradle\caches\modules-2\files-2.1\org.springframework.boot\spring-boot-test\1.5.14.RELEASE\4af443ced531a37da4a67274dac2a3464b8f74a1\spring-boot-test-1.5.14.RELEASE.jar;C:\Users\24219\.gradle\caches\modules-2\files-2.1\org.springframework.boot\spring-boot-test-autoconfigure\1.5.14.RELEASE\ad132e99413ffcf2ef3ac43f6f5dfff34e8d0c06\spring-boot-test-autoconfigure-1.5.14.RELEASE.jar;C:\Users\24219\.gradle\caches\modules-2\files-2.1\com.jayway.jsonpath\json-path\2.2.0\22290d17944bd239fabf5ac69005a60a7ecbbbcb\json-path-2.2.0.jar;C:\Users\24219\.gradle\caches\modules-2\files-2.1\junit\junit\4.12\2973d150c0dc1fefe998f834810d68f278ea58ec\junit-4.12.jar;C:\Users\24219\.gradle\caches\modules-2\files-2.1\org.assertj\assertj-core\2.6.0\b532c3fc4f66bcfee4989a3514f1cd56203a33ad\assertj-core-2.6.0.jar;C:\Users\24219\.gradle\caches\modules-2\files-2.1\org.mockito\mockito-core\1.10.19\e8546f5bef4e061d8dd73895b4e8f40e3fe6effe\mockito-core-1.10.19.jar;C:\Users\24219\.gradle\caches\modules-2\files-2.1\org.hamcrest\hamcrest-core\1.3\42a25dc3219429f0e5d060061f71acb49bf010a0\hamcrest-core-1.3.jar;C:\Users\24219\.gradle\caches\modules-2\files-2.1\org.hamcrest\hamcrest-library\1.3\4785a3c21320980282f9f33d0d1264a69040538f\hamcrest-library-1.3.jar;C:\Users\24219\.gradle\caches\modules-2\files-2.1\org.skyscreamer\jsonassert\1.4.0\9cdbb373a06f6513e51e8c545ee6a5e981463edb\jsonassert-1.4.0.jar;C:\Users\24219\.gradle\caches\modules-2\files-2.1\org.springframework\spring-core\4.3.18.RELEASE\4acbce682c3dfe38181d57b7e0792e2cc21e4f77\spring-core-4.3.18.RELEASE.jar;C:\Users\24219\.gradle\caches\modules-2\files-2.1\org.springframework\spring-test\4.3.18.RELEASE\1995997f20dcb66d44c252bb6d1a06eff00b465e\spring-test-4.3.18.RELEASE.jar;C:\Users\24219\.gradle\caches\modules-2\files-2.1\org.springframework.boot\spring-boot\1.5.14.RELEASE\af490756d8a0d3c0dcfb5372f4586afce6b3c960\spring-boot-1.5.14.RELEASE.jar;C:\Users\24219\.gradle\caches\modules-2\files-2.1\org.springframework.boot\spring-boot-autoconfigure\1.5.14.RELEASE\a33f2ce0b5c4a41d61aa5fa1817d0055dea7150e\spring-boot-autoconfigure-1.5.14.RELEASE.jar;C:\Users\24219\.gradle\caches\modules-2\files-2.1\org.springframework.boot\spring-boot-starter-logging\1.5.14.RELEASE\970e7424050d1d1179640ec53b24953fa29fdcbd\spring-boot-starter-logging-1.5.14.RELEASE.jar;C:\Users\24219\.gradle\caches\modules-2\files-2.1\org.yaml\snakeyaml\1.17\7a27ea250c5130b2922b86dea63cbb1cc10a660c\snakeyaml-1.17.jar;C:\Users\24219\.gradle\caches\modules-2\files-2.1\javax.validation\validation-api\1.1.0.Final\8613ae82954779d518631e05daa73a6a954817d5\validation-api-1.1.0.Final.jar;C:\Users\24219\.gradle\caches\modules-2\files-2.1\org.jboss.logging\jboss-logging\3.3.2.Final\3789d00e859632e6c6206adc0c71625559e6e3b0\jboss-logging-3.3.2.Final.jar;C:\Users\24219\.gradle\caches\modules-2\files-2.1\com.fasterxml\classmate\1.3.4\3d5f48f10bbe4eb7bd862f10c0583be2e0053c6\classmate-1.3.4.jar;C:\Users\24219\.gradle\caches\modules-2\files-2.1\com.fasterxml.jackson.core\jackson-annotations\2.8.0\45b426f7796b741035581a176744d91090e2e6fb\jackson-annotations-2.8.0.jar;C:\Users\24219\.gradle\caches\modules-2\files-2.1\com.fasterxml.jackson.core\jackson-core\2.8.11\876ead1db19f0c9e79c9789273a3ef8c6fd6c29b\jackson-core-2.8.11.jar;C:\Users\24219\.gradle\caches\modules-2\files-2.1\org.springframework\spring-beans\4.3.18.RELEASE\27460686b16b3ffee60bb3365cd56bba6ed860ff\spring-beans-4.3.18.RELEASE.jar;C:\Users\24219\.gradle\caches\modules-2\files-2.1\org.springframework\spring-context\4.3.18.RELEASE\d302953b509e6d380856e245bf80c29770c08c98\spring-context-4.3.18.RELEASE.jar;C:\Users\24219\.gradle\caches\modules-2\files-2.1\org.springframework\spring-expression\4.3.18.RELEASE\64f2270bfd9d615c8c3b9d94995867f39391ed30\spring-expression-4.3.18.RELEASE.jar;C:\Users\24219\.gradle\caches\modules-2\files-2.1\org.attoparser\attoparser\2.0.2.RELEASE\13d40c5bbc1fb7c021f54223f27c9feb1328cee3\attoparser-2.0.2.RELEASE.jar;C:\Users\24219\.gradle\caches\modules-2\files-2.1\org.unbescape\unbescape\1.1.4.RELEASE\1ef1371149efc31d72d35dc290cf16c1a4736a12\unbescape-1.1.4.RELEASE.jar;C:\Users\24219\.gradle\caches\modules-2\files-2.1\org.codehaus.groovy\groovy\2.4.15\74b7e0b99526c569e3a59cb84dbcc6204d601ee6\groovy-2.4.15.jar;C:\Users\24219\.gradle\caches\modules-2\files-2.1\nz.net.ultraq.thymeleaf\thymeleaf-expression-processor\1.1.2\f9ade8db0d5d3b1622051bf7b22248c58a0c0ab6\thymeleaf-expression-processor-1.1.2.jar;C:\Users\24219\.gradle\caches\modules-2\files-2.1\org.springframework.security\spring-security-core\4.2.7.RELEASE\3b74ac31cb84d1cab6dcc55887391dfe593a30f6\spring-security-core-4.2.7.RELEASE.jar;C:\Users\24219\.gradle\caches\modules-2\files-2.1\org.aspectj\aspectjweaver\1.8.13\ad94df2a28d658a40dc27bbaff6a1ce5fbf04e9b\aspectjweaver-1.8.13.jar;C:\Users\24219\.gradle\caches\modules-2\files-2.1\org.apache.tomcat\tomcat-jdbc\8.5.31\7caa97fbe2765d3ed89adc036b852cc46456e415\tomcat-jdbc-8.5.31.jar;C:\Users\24219\.gradle\caches\modules-2\files-2.1\org.springframework\spring-jdbc\4.3.18.RELEASE\816bc40759cd07ec50b86b1472aa021813387114\spring-jdbc-4.3.18.RELEASE.jar;C:\Users\24219\.gradle\caches\modules-2\files-2.1\org.hibernate.javax.persistence\hibernate-jpa-2.1-api\1.0.0.Final\5e731d961297e5a07290bfaf3db1fbc8bbbf405a\hibernate-jpa-2.1-api-1.0.0.Final.jar;C:\Users\24219\.gradle\caches\modules-2\files-2.1\org.javassist\javassist\3.21.0-GA\598244f595db5c5fb713731eddbb1c91a58d959b\javassist-3.21.0-GA.jar;C:\Users\24219\.gradle\caches\modules-2\files-2.1\antlr\antlr\2.7.7\83cd2cd674a217ade95a4bb83a8a14f351f48bd0\antlr-2.7.7.jar;C:\Users\24219\.gradle\caches\modules-2\files-2.1\org.jboss.spec.javax.transaction\jboss-transaction-api_1.2_spec\1.0.1.Final\4441f144a2a1f46ed48fcc6b476a4b6295e6d524\jboss-transaction-api_1.2_spec-1.0.1.Final.jar;C:\Users\24219\.gradle\caches\modules-2\files-2.1\org.jboss\jandex\2.0.3.Final\bfc4d6257dbff7a33a357f0de116be6ff951d849\jandex-2.0.3.Final.jar;C:\Users\24219\.gradle\caches\modules-2\files-2.1\dom4j\dom4j\1.6.1\5d3ccc056b6f056dbf0dddfdf43894b9065a8f94\dom4j-1.6.1.jar;C:\Users\24219\.gradle\caches\modules-2\files-2.1\org.hibernate.common\hibernate-commons-annotations\5.0.1.Final\71e1cff3fcb20d3b3af4f3363c3ddb24d33c6879\hibernate-commons-annotations-5.0.1.Final.jar;C:\Users\24219\.gradle\caches\modules-2\files-2.1\net.bytebuddy\byte-buddy\1.6.6\7d421c533adb4e1948e3219572f94c485f09a644\byte-buddy-1.6.6.jar;C:\Users\24219\.gradle\caches\modules-2\files-2.1\org.springframework.data\spring-data-commons\1.13.13.RELEASE\9f51e01185ef86a433a3b490b3b15bd903a26199\spring-data-commons-1.13.13.RELEASE.jar;C:\Users\24219\.gradle\caches\modules-2\files-2.1\org.springframework\spring-orm\4.3.18.RELEASE\f5f7cef67e9729f0f96a89441ae24980c7339da8\spring-orm-4.3.18.RELEASE.jar;C:\Users\24219\.gradle\caches\modules-2\files-2.1\org.springframework\spring-tx\4.3.18.RELEASE\b6b7938f7d8ba412b6663a8b950592557c2d996e\spring-tx-4.3.18.RELEASE.jar;C:\Users\24219\.gradle\caches\modules-2\files-2.1\org.slf4j\jcl-over-slf4j\1.7.25\f8c32b13ff142a513eeb5b6330b1588dcb2c0461\jcl-over-slf4j-1.7.25.jar;C:\Users\24219\.gradle\caches\modules-2\files-2.1\commons-lang\commons-lang\2.6\ce1edb914c94ebc388f086c6827e8bdeec71ac2\commons-lang-2.6.jar;C:\Users\24219\.gradle\caches\modules-2\files-2.1\joda-time\joda-time\2.9.9\f7b520c458572890807d143670c9b24f4de90897\joda-time-2.9.9.jar;C:\Users\24219\.gradle\caches\modules-2\files-2.1\org.elasticsearch\elasticsearch\2.4.6\d2954e1173a608a9711f132d1768a676a8b1fb81\elasticsearch-2.4.6.jar;C:\Users\24219\.gradle\caches\modules-2\files-2.1\org.apache.tomcat\tomcat-annotations-api\8.5.31\f0758d8b5d1404cc25f98945bdd5959699658b4a\tomcat-annotations-api-8.5.31.jar;C:\Users\24219\.gradle\caches\modules-2\files-2.1\net.minidev\json-smart\2.2.1\5b9e5df7a62d1279b70dc882b041d249c4f0b002\json-smart-2.2.1.jar;C:\Users\24219\.gradle\caches\modules-2\files-2.1\org.objenesis\objenesis\2.1\87c0ea803b69252868d09308b4618f766f135a96\objenesis-2.1.jar;C:\Users\24219\.gradle\caches\modules-2\files-2.1\com.vaadin.external.google\android-json\0.0.20131108.vaadin1\fa26d351fe62a6a17f5cda1287c1c6110dec413f\android-json-0.0.20131108.vaadin1.jar;C:\Users\24219\.gradle\caches\modules-2\files-2.1\ch.qos.logback\logback-classic\1.1.11\ccedfbacef4a6515d2983e3f89ed753d5d4fb665\logback-classic-1.1.11.jar;C:\Users\24219\.gradle\caches\modules-2\files-2.1\org.slf4j\jul-to-slf4j\1.7.25\af5364cd6679bfffb114f0dec8a157aaa283b76\jul-to-slf4j-1.7.25.jar;C:\Users\24219\.gradle\caches\modules-2\files-2.1\org.slf4j\log4j-over-slf4j\1.7.25\a87bb47468f47ee7aabbd54f93e133d4215769c3\log4j-over-slf4j-1.7.25.jar;C:\Users\24219\.gradle\caches\modules-2\files-2.1\org.apache.tomcat\tomcat-juli\8.5.31\603fb6e0ddd216b53a803801561661ae9c294ff\tomcat-juli-8.5.31.jar;C:\Users\24219\.gradle\caches\modules-2\files-2.1\org.apache.lucene\lucene-core\5.5.4\ab9c77e75cf142aa6e284b310c8395617bd9b19b\lucene-core-5.5.4.jar;C:\Users\24219\.gradle\caches\modules-2\files-2.1\org.apache.lucene\lucene-backward-codecs\5.5.4\a933f42e758c54c43083398127ea7342b54d8212\lucene-backward-codecs-5.5.4.jar;C:\Users\24219\.gradle\caches\modules-2\files-2.1\org.apache.lucene\lucene-analyzers-common\5.5.4\8ce9d34c8124c80e176e8332ee947480bbb9576\lucene-analyzers-common-5.5.4.jar;C:\Users\24219\.gradle\caches\modules-2\files-2.1\org.apache.lucene\lucene-queries\5.5.4\f915357b8b4b43742ab48f1401dedcaa12dfa37a\lucene-queries-5.5.4.jar;C:\Users\24219\.gradle\caches\modules-2\files-2.1\org.apache.lucene\lucene-memory\5.5.4\4dbdc2e1a24837722294762a9edb479f79092ab9\lucene-memory-5.5.4.jar;C:\Users\24219\.gradle\caches\modules-2\files-2.1\org.apache.lucene\lucene-highlighter\5.5.4\433f53f03f1b14337c08d54e507a5410905376fa\lucene-highlighter-5.5.4.jar;C:\Users\24219\.gradle\caches\modules-2\files-2.1\org.apache.lucene\lucene-queryparser\5.5.4\8a06fad4675473d98d93b61fea529e3f464bf69e\lucene-queryparser-5.5.4.jar;C:\Users\24219\.gradle\caches\modules-2\files-2.1\org.apache.lucene\lucene-suggest\5.5.4\f46dbb3229eed62dff10d008172c885e0e028c8\lucene-suggest-5.5.4.jar;C:\Users\24219\.gradle\caches\modules-2\files-2.1\org.apache.lucene\lucene-join\5.5.4\23f9a909a244ed3b28b37c5bb21a6e33e6c0a339\lucene-join-5.5.4.jar;C:\Users\24219\.gradle\caches\modules-2\files-2.1\org.apache.lucene\lucene-spatial\5.5.4\217d302dc0ef4d9b8b475ffe327d83c1e0ceba5\lucene-spatial-5.5.4.jar;C:\Users\24219\.gradle\caches\modules-2\files-2.1\com.google.guava\guava\18.0\cce0823396aa693798f8882e64213b1772032b09\guava-18.0.jar;C:\Users\24219\.gradle\caches\modules-2\files-2.1\org.elasticsearch\securesm\1.0\c0c6cf986ba0057390bfcc80c366a0e3157f944b\securesm-1.0.jar;C:\Users\24219\.gradle\caches\modules-2\files-2.1\com.carrotsearch\hppc\0.7.1\8b5057f74ea378c0150a1860874a3ebdcb713767\hppc-0.7.1.jar;C:\Users\24219\.gradle\caches\modules-2\files-2.1\com.fasterxml.jackson.dataformat\jackson-dataformat-smile\2.8.11\d9d1c49c5d9d5e46e2aee55f3cdd119286fe0fc1\jackson-dataformat-smile-2.8.11.jar;C:\Users\24219\.gradle\caches\modules-2\files-2.1\com.fasterxml.jackson.dataformat\jackson-dataformat-yaml\2.8.11\2e77c6ff7342cd61ab1ae7cb14ed16aebfc8a72a\jackson-dataformat-yaml-2.8.11.jar;C:\Users\24219\.gradle\caches\modules-2\files-2.1\com.fasterxml.jackson.dataformat\jackson-dataformat-cbor\2.8.11\8b9826e16c3366764bfb7ad7362554f0471046c3\jackson-dataformat-cbor-2.8.11.jar;C:\Users\24219\.gradle\caches\modules-2\files-2.1\io.netty\netty\3.10.6.Final\18ed04a0e502896552854926e908509db2987a00\netty-3.10.6.Final.jar;C:\Users\24219\.gradle\caches\modules-2\files-2.1\com.ning\compress-lzf\1.0.2\62896e6fca184c79cc01a14d143f3ae2b4f4b4ae\compress-lzf-1.0.2.jar;C:\Users\24219\.gradle\caches\modules-2\files-2.1\com.tdunning\t-digest\3.0\84ccf145ac2215e6bfa63baa3101c0af41017cfc\t-digest-3.0.jar;C:\Users\24219\.gradle\caches\modules-2\files-2.1\org.hdrhistogram\HdrHistogram\2.1.6\7495feb7f71ee124bd2a7e7d83590e296d71d80e\HdrHistogram-2.1.6.jar;C:\Users\24219\.gradle\caches\modules-2\files-2.1\commons-cli\commons-cli\1.3.1\1303efbc4b181e5a58bf2e967dc156a3132b97c0\commons-cli-1.3.1.jar;C:\Users\24219\.gradle\caches\modules-2\files-2.1\com.twitter\jsr166e\1.1.0\233098147123ee5ddcd39ffc57ff648be4b7e5b2\jsr166e-1.1.0.jar;C:\Users\24219\.gradle\caches\modules-2\files-2.1\net.minidev\accessors-smart\1.1\a527213f2fea112a04c9bdf0ec0264e34104cd08\accessors-smart-1.1.jar;C:\Users\24219\.gradle\caches\modules-2\files-2.1\ch.qos.logback\logback-core\1.1.11\88b8df40340eed549fb07e2613879bf6b006704d\logback-core-1.1.11.jar;C:\Users\24219\.gradle\caches\modules-2\files-2.1\org.apache.lucene\lucene-sandbox\5.5.4\49498bbb2adc333e98bdca4bf6170ae770cbad11\lucene-sandbox-5.5.4.jar;C:\Users\24219\.gradle\caches\modules-2\files-2.1\org.apache.lucene\lucene-misc\5.5.4\a74388857f73614e528ae44d742c60187cb55a5a\lucene-misc-5.5.4.jar;C:\Users\24219\.gradle\caches\modules-2\files-2.1\org.apache.lucene\lucene-grouping\5.5.4\986b71b1639b13ed91a18a97a99362dc5419449\lucene-grouping-5.5.4.jar;C:\Users\24219\.gradle\caches\modules-2\files-2.1\org.apache.lucene\lucene-spatial3d\5.5.4\e7f070127b5d29500b866fe742fbbe74c701e87\lucene-spatial3d-5.5.4.jar;C:\Users\24219\.gradle\caches\modules-2\files-2.1\com.spatial4j\spatial4j\0.5\6e16edaf6b1ba76db7f08c2f3723fce3b358ecc3\spatial4j-0.5.jar;C:\Users\24219\.gradle\caches\modules-2\files-2.1\org.ow2.asm\asm\5.0.3\dcc2193db20e19e1feca8b1240dbbc4e190824fa\asm-5.0.3.jar, user.name=24219, java.vm.specification.version=1.8, sun.java.command=worker.org.gradle.process.internal.worker.GradleWorkerMain 'Gradle Test Executor 1', java.home=C:\Program Files\Java\jdk1.8.0_151\jre, sun.arch.data.model=64, user.language=zh, java.specification.vendor=Oracle Corporation, awt.toolkit=sun.awt.windows.WToolkit, java.vm.info=mixed mode, java.version=1.8.0_151, java.ext.dirs=C:\Program Files\Java\jdk1.8.0_151\jre\lib\ext;C:\Windows\Sun\Java\lib\ext, sun.boot.class.path=C:\Program Files\Java\jdk1.8.0_151\jre\lib\resources.jar;C:\Program Files\Java\jdk1.8.0_151\jre\lib\rt.jar;C:\Program Files\Java\jdk1.8.0_151\jre\lib\sunrsasign.jar;C:\Program Files\Java\jdk1.8.0_151\jre\lib\jsse.jar;C:\Program Files\Java\jdk1.8.0_151\jre\lib\jce.jar;C:\Program Files\Java\jdk1.8.0_151\jre\lib\charsets.jar;C:\Program Files\Java\jdk1.8.0_151\jre\lib\jfr.jar;C:\Program Files\Java\jdk1.8.0_151\jre\classes, java.vendor=Oracle Corporation, org.gradle.test.worker=1, file.separator=\, java.vendor.url.bug=http://bugreport.sun.com/bugreport/, sun.io.unicode.encoding=UnicodeLittle, sun.cpu.endian=little, sun.desktop=windows, sun.cpu.isalist=amd64}}, SystemEnvironmentPropertySource@1918335398 {name='systemEnvironment', properties={USERDOMAIN_ROAMINGPROFILE=DESKTOP-V341JIN, PROCESSOR_LEVEL=6, SESSIONNAME=Console, ALLUSERSPROFILE=C:\ProgramData, PROCESSOR_ARCHITECTURE=AMD64, CXF_HOME=H:\软件\apache-cxf-2.7.11, PSModulePath=C:\Program Files\WindowsPowerShell\Modules;C:\Windows\system32\WindowsPowerShell\v1.0\Modules, SystemDrive=C:, MAVEN_HOME=D:\JavaEE\apache-maven-3.5.2, MOZ_PLUGIN_PATH=J:\Foxit Reader\plugins\, USERNAME=24219, ProgramFiles(x86)=C:\Program Files (x86), FPS_BROWSER_USER_PROFILE_STRING=Default, PATHEXT=.COM;.EXE;.BAT;.CMD;.VBS;.VBE;.JS;.JSE;.WSF;.WSH;.MSC, JAVA_HOME1.6=C:\Program Files (x86)\Java\jdk1.6.0_43, ProgramData=C:\ProgramData, ProgramW6432=C:\Program Files, HOMEPATH=\Users\24219, PROCESSOR_IDENTIFIER=Intel64 Family 6 Model 60 Stepping 3, GenuineIntel, HADOOP_HOME=H:\大数据\hadoop-common-2.2.0, ProgramFiles=C:\Program Files, PUBLIC=C:\Users\Public, windir=C:\Windows, =::=::\, VS150COMCOMNTOOLS=C:\Program Files (x86)\Microsoft Visual Studio\2017\Community\Common7\Tools\, LOCALAPPDATA=C:\Users\24219\AppData\Local, USERDOMAIN=DESKTOP-V341JIN, FPS_BROWSER_APP_PROFILE_STRING=Internet Explorer, LOGONSERVER=\\DESKTOP-V341JIN, JAVA_HOME=C:\Program Files\Java\jdk1.8.0_151, GRADLE_HOME=H:\软件\gradle-3.5.1, OneDrive=C:\Users\24219\OneDrive, APPDATA=C:\Users\24219\AppData\Roaming, CommonProgramFiles=C:\Program Files\Common Files, Path=C:\ProgramData\Oracle\Java\javapath;C:\Windows\system32;C:\Windows;C:\Windows\System32\Wbem;C:\Windows\System32\WindowsPowerShell\v1.0\;C:\Program Files (x86)\NVIDIA Corporation\PhysX\Common;"C:\Program Files\Java\jdk1.8.0_151\bin;C:\Program Files\Java\jdk1.8.0_151\jre\bin";C:\Program Files\nodejs\;C:\Go\bin;C:\Program Files\MySQL\MySQL Utilities 1.6\;$HADOOP_HOME\bin;D:\JavaEE\apache-maven-3.5.2\bin;C:\Program Files\Intel\WiFi\bin\;C:\Program Files\Common Files\Intel\WirelessCommon\;H:\软件\apache-cxf-2.7.11\bin;H:\软件\gradle-3.5.1\bin;C:\Program Files\TortoiseSVN\bin;C:\Program Files\Git\cmd;C:\Users\24219\AppData\Local\Microsoft\WindowsApps;C:\Users\24219\AppData\Roaming\npm;C:\Program Files\Microsoft VS Code\bin;C:\Users\24219\AppData\Local\GitHubDesktop\bin;C:\Program Files\Intel\WiFi\bin\;C:\Program Files\Common Files\Intel\WirelessCommon\, OS=Windows_NT, COMPUTERNAME=DESKTOP-V341JIN, PROCESSOR_REVISION=3c03, CLASSPATH=.;C:\Program Files\Java\jdk1.8.0_151\lib;C:\Program Files\Java\jdk1.8.0_151\lib\tools.jar, CommonProgramW6432=C:\Program Files\Common Files, GOROOT=C:\Go\, ComSpec=C:\Windows\system32\cmd.exe, SystemRoot=C:\Windows, TEMP=C:\Users\24219\AppData\Local\Temp, HOMEDRIVE=C:, USERPROFILE=C:\Users\24219, TMP=C:\Users\24219\AppData\Local\Temp, CommonProgramFiles(x86)=C:\Program Files (x86)\Common Files, NUMBER_OF_PROCESSORS=4}}]
20:06:07.916 [Test worker] DEBUG org.springframework.core.io.support.PathMatchingResourcePatternResolver - Resolved classpath location [com/usher/springboot/blog/] to resources [URL [file:/D:/blog-prototype/build/classes/test/com/usher/springboot/blog/], URL [file:/D:/blog-prototype/build/classes/main/com/usher/springboot/blog/]]
20:06:07.916 [Test worker] DEBUG org.springframework.core.io.support.PathMatchingResourcePatternResolver - Looking for matching resources in directory tree [D:\blog-prototype\build\classes\test\com\usher\springboot\blog]
20:06:07.917 [Test worker] DEBUG org.springframework.core.io.support.PathMatchingResourcePatternResolver - Searching directory [D:\blog-prototype\build\classes\test\com\usher\springboot\blog] for files matching pattern [D:/blog-prototype/build/classes/test/com/usher/springboot/blog/*.class]
20:06:07.920 [Test worker] DEBUG org.springframework.core.io.support.PathMatchingResourcePatternResolver - Looking for matching resources in directory tree [D:\blog-prototype\build\classes\main\com\usher\springboot\blog]
20:06:07.921 [Test worker] DEBUG org.springframework.core.io.support.PathMatchingResourcePatternResolver - Searching directory [D:\blog-prototype\build\classes\main\com\usher\springboot\blog] for files matching pattern [D:/blog-prototype/build/classes/main/com/usher/springboot/blog/*.class]
20:06:07.923 [Test worker] DEBUG org.springframework.core.io.support.PathMatchingResourcePatternResolver - Resolved location pattern [classpath*:com/usher/springboot/blog/*.class] to resources [file [D:\blog-prototype\build\classes\test\com\usher\springboot\blog\ApplicationTests.class], file [D:\blog-prototype\build\classes\main\com\usher\springboot\blog\Application.class]]
20:06:07.978 [Test worker] DEBUG org.springframework.context.annotation.ClassPathScanningCandidateComponentProvider - Identified candidate component class: file [D:\blog-prototype\build\classes\main\com\usher\springboot\blog\Application.class]
20:06:07.983 [Test worker] INFO org.springframework.boot.test.context.SpringBootTestContextBootstrapper - Found @SpringBootConfiguration com.usher.springboot.blog.Application for test class com.usher.springboot.blog.ApplicationTests
20:06:07.989 [Test worker] DEBUG org.springframework.boot.test.context.SpringBootTestContextBootstrapper - @TestExecutionListeners is not present for class [com.usher.springboot.blog.ApplicationTests]: using defaults.
20:06:07.996 [Test worker] INFO org.springframework.boot.test.context.SpringBootTestContextBootstrapper - Loaded default TestExecutionListener class names from location [META-INF/spring.factories]: [org.springframework.boot.test.mock.mockito.MockitoTestExecutionListener, org.springframework.boot.test.mock.mockito.ResetMocksTestExecutionListener, org.springframework.boot.test.autoconfigure.restdocs.RestDocsTestExecutionListener, org.springframework.boot.test.autoconfigure.web.client.MockRestServiceServerResetTestExecutionListener, org.springframework.boot.test.autoconfigure.web.servlet.MockMvcPrintOnlyOnFailureTestExecutionListener, org.springframework.boot.test.autoconfigure.web.servlet.WebDriverTestExecutionListener, org.springframework.test.context.web.ServletTestExecutionListener, org.springframework.test.context.support.DirtiesContextBeforeModesTestExecutionListener, org.springframework.test.context.support.DependencyInjectionTestExecutionListener, org.springframework.test.context.support.DirtiesContextTestExecutionListener, org.springframework.test.context.transaction.TransactionalTestExecutionListener, org.springframework.test.context.jdbc.SqlScriptsTestExecutionListener]
20:06:08.023 [Test worker] INFO org.springframework.boot.test.context.SpringBootTestContextBootstrapper - Using TestExecutionListeners: [org.springframework.test.context.web.ServletTestExecutionListener@705b21c2, org.springframework.test.context.support.DirtiesContextBeforeModesTestExecutionListener@dda709b, org.springframework.boot.test.mock.mockito.MockitoTestExecutionListener@7fd2fe79, org.springframework.boot.test.autoconfigure.SpringBootDependencyInjectionTestExecutionListener@d0c96cd, org.springframework.test.context.support.DirtiesContextTestExecutionListener@2470f39f, org.springframework.test.context.transaction.TransactionalTestExecutionListener@7a700122, org.springframework.test.context.jdbc.SqlScriptsTestExecutionListener@12b91923, org.springframework.boot.test.mock.mockito.ResetMocksTestExecutionListener@7b6a4f47, org.springframework.boot.test.autoconfigure.restdocs.RestDocsTestExecutionListener@5825b7be, org.springframework.boot.test.autoconfigure.web.client.MockRestServiceServerResetTestExecutionListener@22a6d489, org.springframework.boot.test.autoconfigure.web.servlet.MockMvcPrintOnlyOnFailureTestExecutionListener@788cb1ff, org.springframework.boot.test.autoconfigure.web.servlet.WebDriverTestExecutionListener@5135c9de]
20:06:08.026 [Test worker] DEBUG org.springframework.test.annotation.ProfileValueUtils - Retrieved @ProfileValueSourceConfiguration [null] for test class [com.usher.springboot.blog.ApplicationTests]
20:06:08.026 [Test worker] DEBUG org.springframework.test.annotation.ProfileValueUtils - Retrieved ProfileValueSource type [class org.springframework.test.annotation.SystemProfileValueSource] for class [com.usher.springboot.blog.ApplicationTests]
20:06:08.028 [Test worker] DEBUG org.springframework.test.annotation.ProfileValueUtils - Retrieved @ProfileValueSourceConfiguration [null] for test class [com.usher.springboot.blog.ApplicationTests]
20:06:08.028 [Test worker] DEBUG org.springframework.test.annotation.ProfileValueUtils - Retrieved ProfileValueSource type [class org.springframework.test.annotation.SystemProfileValueSource] for class [com.usher.springboot.blog.ApplicationTests]
20:06:08.035 [Test worker] DEBUG org.springframework.test.context.support.AbstractDirtiesContextTestExecutionListener - Before test class: context [DefaultTestContext@ad69c24 testClass = ApplicationTests, testInstance = [null], testMethod = [null], testException = [null], mergedContextConfiguration = [WebMergedContextConfiguration@41e096b3 testClass = ApplicationTests, locations = '{}', classes = '{class com.usher.springboot.blog.Application}', contextInitializerClasses = '[]', activeProfiles = '{}', propertySourceLocations = '{}', propertySourceProperties = '{org.springframework.boot.test.context.SpringBootTestContextBootstrapper=true}', contextCustomizers = set[org.springframework.boot.test.context.SpringBootTestContextCustomizer@167b0f47, org.springframework.boot.test.context.filter.ExcludeFilterContextCustomizer@7318084b, org.springframework.boot.test.json.DuplicateJsonObjectContextCustomizerFactory$DuplicateJsonObjectContextCustomizer@5b0b5fa7, org.springframework.boot.test.mock.mockito.MockitoContextCustomizer@0, org.springframework.boot.test.autoconfigure.properties.PropertyMappingContextCustomizer@0, org.springframework.boot.test.autoconfigure.web.servlet.WebDriverContextCustomizerFactory$Customizer@64e1b05e], resourceBasePath = 'src/main/webapp', contextLoader = 'org.springframework.boot.test.context.SpringBootContextLoader', parent = [null]]], class annotated with @DirtiesContext [false] with mode [null].
20:06:08.036 [Test worker] DEBUG org.springframework.test.annotation.ProfileValueUtils - Retrieved @ProfileValueSourceConfiguration [null] for test class [com.usher.springboot.blog.ApplicationTests]
20:06:08.036 [Test worker] DEBUG org.springframework.test.annotation.ProfileValueUtils - Retrieved ProfileValueSource type [class org.springframework.test.annotation.SystemProfileValueSource] for class [com.usher.springboot.blog.ApplicationTests]
20:06:08.107 [Test worker] DEBUG org.springframework.core.env.StandardEnvironment - Adding PropertySource 'systemProperties' with lowest search precedence
20:06:08.107 [Test worker] DEBUG org.springframework.core.env.StandardEnvironment - Adding PropertySource 'systemEnvironment' with lowest search precedence
20:06:08.108 [Test worker] DEBUG org.springframework.core.env.StandardEnvironment - Initialized StandardEnvironment with PropertySources [MapPropertySource@1121060655 {name='systemProperties', properties={java.runtime.name=Java(TM) SE Runtime Environment, sun.boot.library.path=C:\Program Files\Java\jdk1.8.0_151\jre\bin, java.vm.version=25.151-b12, java.vm.vendor=Oracle Corporation, java.vendor.url=http://java.oracle.com/, path.separator=;, java.vm.name=Java HotSpot(TM) 64-Bit Server VM, file.encoding.pkg=sun.io, user.script=, sun.java.launcher=SUN_STANDARD, user.country=CN, sun.os.patch.level=, java.vm.specification.name=Java Virtual Machine Specification, user.dir=D:\blog-prototype, java.runtime.version=1.8.0_151-b12, java.awt.graphicsenv=sun.awt.Win32GraphicsEnvironment, java.endorsed.dirs=C:\Program Files\Java\jdk1.8.0_151\jre\lib\endorsed, os.arch=amd64, java.io.tmpdir=C:\Users\24219\AppData\Local\Temp\, line.separator=
, java.vm.specification.vendor=Oracle Corporation, user.variant=, os.name=Windows 10, sun.jnu.encoding=GBK, java.library.path=C:\Program Files\Java\jdk1.8.0_151\bin;C:\Windows\Sun\Java\bin;C:\Windows\system32;C:\Windows;C:\ProgramData\Oracle\Java\javapath;C:\Windows\system32;C:\Windows;C:\Windows\System32\Wbem;C:\Windows\System32\WindowsPowerShell\v1.0\;C:\Program Files (x86)\NVIDIA Corporation\PhysX\Common;"C:\Program Files\Java\jdk1.8.0_151\bin;C:\Program Files\Java\jdk1.8.0_151\jre\bin";C:\Program Files\nodejs\;C:\Go\bin;C:\Program Files\MySQL\MySQL Utilities 1.6\;$HADOOP_HOME\bin;D:\JavaEE\apache-maven-3.5.2\bin;C:\Program Files\Intel\WiFi\bin\;C:\Program Files\Common Files\Intel\WirelessCommon\;H:\软件\apache-cxf-2.7.11\bin;H:\软件\gradle-3.5.1\bin;C:\Program Files\TortoiseSVN\bin;C:\Program Files\Git\cmd;C:\Users\24219\AppData\Local\Microsoft\WindowsApps;C:\Users\24219\AppData\Roaming\npm;C:\Program Files\Microsoft VS Code\bin;C:\Users\24219\AppData\Local\GitHubDesktop\bin;C:\Program Files\Intel\WiFi\bin\;C:\Program Files\Common Files\Intel\WirelessCommon\;., java.specification.name=Java Platform API Specification, java.class.version=52.0, sun.management.compiler=HotSpot 64-Bit Tiered Compilers, os.version=10.0, user.home=C:\Users\24219, user.timezone=Asia/Shanghai, java.awt.printerjob=sun.awt.windows.WPrinterJob, file.encoding=GBK, java.specification.version=1.8, java.class.path=D:\blog-prototype\build\classes\test;D:\blog-prototype\build\resources\test;D:\blog-prototype\build\classes\main;D:\blog-prototype\build\resources\main;C:\Users\24219\.gradle\caches\modules-2\files-2.1\org.springframework.boot\spring-boot-starter-web\1.5.14.RELEASE\ec32935a77eef7d87fc006af65064e3f9270796\spring-boot-starter-web-1.5.14.RELEASE.jar;C:\Users\24219\.gradle\caches\modules-2\files-2.1\org.thymeleaf\thymeleaf-spring4\3.0.2.RELEASE\9e99f78f944b58e491faa930f730709f80450892\thymeleaf-spring4-3.0.2.RELEASE.jar;C:\Users\24219\.gradle\caches\modules-2\files-2.1\org.springframework.boot\spring-boot-starter-thymeleaf\1.5.14.RELEASE\b90b699efc72a4c9fa756b2b5058875559d34915\spring-boot-starter-thymeleaf-1.5.14.RELEASE.jar;C:\Users\24219\.gradle\caches\modules-2\files-2.1\org.springframework.boot\spring-boot-starter-security\1.5.14.RELEASE\b726e43e13af897243104589e43d9b164158c79a\spring-boot-starter-security-1.5.14.RELEASE.jar;C:\Users\24219\.gradle\caches\modules-2\files-2.1\org.springframework.boot\spring-boot-starter-data-jpa\1.5.14.RELEASE\d259292ee2d8ad78b5aa95a9c7e60280cd0503a3\spring-boot-starter-data-jpa-1.5.14.RELEASE.jar;C:\Users\24219\.gradle\caches\modules-2\files-2.1\org.thymeleaf.extras\thymeleaf-extras-springsecurity4\3.0.2.RELEASE\ef051e8a72074063ca587bef9ee397a1ebe0cdcd\thymeleaf-extras-springsecurity4-3.0.2.RELEASE.jar;C:\Users\24219\.gradle\caches\modules-2\files-2.1\es.nitaur.markdown\txtmark\0.16\3b51485b8d80fd4a3650d2b5d83127d0fa002e0\txtmark-0.16.jar;C:\Users\24219\.gradle\caches\modules-2\files-2.1\mysql\mysql-connector-java\6.0.5\9d8df5a1f3273110f2a9ad304961bdd03d696d86\mysql-connector-java-6.0.5.jar;C:\Users\24219\.gradle\caches\modules-2\files-2.1\org.apache.commons\commons-lang3\3.5\6c6c702c89bfff3cd9e80b04d668c5e190d588c6\commons-lang3-3.5.jar;C:\Users\24219\.gradle\caches\modules-2\files-2.1\org.projectlombok\lombok\1.16.18\557d13dcb647038dc687390711ccb5c9b3ffbd60\lombok-1.16.18.jar;C:\Users\24219\.gradle\caches\modules-2\files-2.1\org.springframework.boot\spring-boot-starter-data-elasticsearch\1.5.14.RELEASE\332eb310d06ddb717ffbb79680bc1848e0058bba\spring-boot-starter-data-elasticsearch-1.5.14.RELEASE.jar;C:\Users\24219\.gradle\caches\modules-2\files-2.1\net.java.dev.jna\jna\4.3.0\f11d386a05132f54a51c99085f016e496f345ea3\jna-4.3.0.jar;C:\Users\24219\.gradle\caches\modules-2\files-2.1\org.springframework.boot\spring-boot-starter-tomcat\1.5.14.RELEASE\ec97b1bdac6feee248116a79c537023894950e4c\spring-boot-starter-tomcat-1.5.14.RELEASE.jar;C:\Users\24219\.gradle\caches\modules-2\files-2.1\org.springframework.boot\spring-boot-starter-test\1.5.14.RELEASE\52196e5194feeb54d302752246a1b3e205eef237\spring-boot-starter-test-1.5.14.RELEASE.jar;C:\Users\24219\.gradle\caches\modules-2\files-2.1\org.springframework.boot\spring-boot-starter\1.5.14.RELEASE\f890a2d65f01f8c63bf5a4472a2b28986a5aeb43\spring-boot-starter-1.5.14.RELEASE.jar;C:\Users\24219\.gradle\caches\modules-2\files-2.1\org.hibernate\hibernate-validator\5.3.6.Final\4c730be8bf55a8e9a61e79a2f2c079abf48b718\hibernate-validator-5.3.6.Final.jar;C:\Users\24219\.gradle\caches\modules-2\files-2.1\com.fasterxml.jackson.core\jackson-databind\2.8.11.2\2c5051e8e84d2c16316b758ebf746f9e90bef5a4\jackson-databind-2.8.11.2.jar;C:\Users\24219\.gradle\caches\modules-2\files-2.1\org.springframework\spring-web\4.3.18.RELEASE\e41042a70a7d80da52261c1dfc569c7518b70dce\spring-web-4.3.18.RELEASE.jar;C:\Users\24219\.gradle\caches\modules-2\files-2.1\org.springframework\spring-webmvc\4.3.18.RELEASE\67ad7f59830df97ab73f8c7ab53ea33ae7dcb68\spring-webmvc-4.3.18.RELEASE.jar;C:\Users\24219\.gradle\caches\modules-2\files-2.1\org.thymeleaf\thymeleaf\3.0.3.RELEASE\b1e8c9c81080fb158848d42aa54d0668bc2936af\thymeleaf-3.0.3.RELEASE.jar;C:\Users\24219\.gradle\caches\modules-2\files-2.1\org.slf4j\slf4j-api\1.7.25\da76ca59f6a57ee3102f8f9bd9cee742973efa8a\slf4j-api-1.7.25.jar;C:\Users\24219\.gradle\caches\modules-2\files-2.1\nz.net.ultraq.thymeleaf\thymeleaf-layout-dialect\2.2.0\15f250cc343825c3c4c72d8086981e3a2231f640\thymeleaf-layout-dialect-2.2.0.jar;C:\Users\24219\.gradle\caches\modules-2\files-2.1\org.springframework\spring-aop\4.3.18.RELEASE\dd930265a504563d76de79864ae3196f6e9035e0\spring-aop-4.3.18.RELEASE.jar;C:\Users\24219\.gradle\caches\modules-2\files-2.1\org.springframework.security\spring-security-config\4.2.7.RELEASE\5c096aa25285e3f8169b44c7dcf76166809921b1\spring-security-config-4.2.7.RELEASE.jar;C:\Users\24219\.gradle\caches\modules-2\files-2.1\org.springframework.security\spring-security-web\4.2.7.RELEASE\d15e32de9efe00355f8cdd7cf61d98ae886dcd94\spring-security-web-4.2.7.RELEASE.jar;C:\Users\24219\.gradle\caches\modules-2\files-2.1\org.springframework.boot\spring-boot-starter-aop\1.5.14.RELEASE\356db50e4875cdc706e4f298761bd864edcae400\spring-boot-starter-aop-1.5.14.RELEASE.jar;C:\Users\24219\.gradle\caches\modules-2\files-2.1\org.springframework.boot\spring-boot-starter-jdbc\1.5.14.RELEASE\dfe6414810f74dbfddc8f0dd1507e33bcdd9594\spring-boot-starter-jdbc-1.5.14.RELEASE.jar;C:\Users\24219\.gradle\caches\modules-2\files-2.1\org.hibernate\hibernate-core\5.2.8.Final\536e380bb49cf5e5ac7bcb017a1d46b5183af2f6\hibernate-core-5.2.8.Final.jar;C:\Users\24219\.gradle\caches\modules-2\files-2.1\org.hibernate\hibernate-entitymanager\5.2.8.Final\e1cb7f66c751c71fc05e2ac01378425609fb0623\hibernate-entitymanager-5.2.8.Final.jar;C:\Users\24219\.gradle\caches\modules-2\files-2.1\javax.transaction\javax.transaction-api\1.2\d81aff979d603edd90dcd8db2abc1f4ce6479e3e\javax.transaction-api-1.2.jar;C:\Users\24219\.gradle\caches\modules-2\files-2.1\org.springframework.data\spring-data-jpa\1.11.13.RELEASE\71fa865eb8446dc29d9a4765432f7728fe9a88be\spring-data-jpa-1.11.13.RELEASE.jar;C:\Users\24219\.gradle\caches\modules-2\files-2.1\org.springframework\spring-aspects\4.3.18.RELEASE\d7ff868830a15461ff749bea6860590f41777425\spring-aspects-4.3.18.RELEASE.jar;C:\Users\24219\.gradle\caches\modules-2\files-2.1\org.springframework.data\spring-data-elasticsearch\2.1.13.RELEASE\4c535059b8958ee63ac3d6d8974747b072a93291\spring-data-elasticsearch-2.1.13.RELEASE.jar;C:\Users\24219\.gradle\caches\modules-2\files-2.1\org.apache.tomcat.embed\tomcat-embed-core\8.5.31\f5adf7ed8c34aa005b22b6a2dc7b6796e10e9c79\tomcat-embed-core-8.5.31.jar;C:\Users\24219\.gradle\caches\modules-2\files-2.1\org.apache.tomcat.embed\tomcat-embed-el\8.5.31\3a536e1ac71b82627c3a7408eb38fa0704cb9034\tomcat-embed-el-8.5.31.jar;C:\Users\24219\.gradle\caches\modules-2\files-2.1\org.apache.tomcat.embed\tomcat-embed-websocket\8.5.31\6564e716b89de5eaa0dd234ae7989576503ddf3\tomcat-embed-websocket-8.5.31.jar;C:\Users\24219\.gradle\caches\modules-2\files-2.1\org.springframework.boot\spring-boot-test\1.5.14.RELEASE\4af443ced531a37da4a67274dac2a3464b8f74a1\spring-boot-test-1.5.14.RELEASE.jar;C:\Users\24219\.gradle\caches\modules-2\files-2.1\org.springframework.boot\spring-boot-test-autoconfigure\1.5.14.RELEASE\ad132e99413ffcf2ef3ac43f6f5dfff34e8d0c06\spring-boot-test-autoconfigure-1.5.14.RELEASE.jar;C:\Users\24219\.gradle\caches\modules-2\files-2.1\com.jayway.jsonpath\json-path\2.2.0\22290d17944bd239fabf5ac69005a60a7ecbbbcb\json-path-2.2.0.jar;C:\Users\24219\.gradle\caches\modules-2\files-2.1\junit\junit\4.12\2973d150c0dc1fefe998f834810d68f278ea58ec\junit-4.12.jar;C:\Users\24219\.gradle\caches\modules-2\files-2.1\org.assertj\assertj-core\2.6.0\b532c3fc4f66bcfee4989a3514f1cd56203a33ad\assertj-core-2.6.0.jar;C:\Users\24219\.gradle\caches\modules-2\files-2.1\org.mockito\mockito-core\1.10.19\e8546f5bef4e061d8dd73895b4e8f40e3fe6effe\mockito-core-1.10.19.jar;C:\Users\24219\.gradle\caches\modules-2\files-2.1\org.hamcrest\hamcrest-core\1.3\42a25dc3219429f0e5d060061f71acb49bf010a0\hamcrest-core-1.3.jar;C:\Users\24219\.gradle\caches\modules-2\files-2.1\org.hamcrest\hamcrest-library\1.3\4785a3c21320980282f9f33d0d1264a69040538f\hamcrest-library-1.3.jar;C:\Users\24219\.gradle\caches\modules-2\files-2.1\org.skyscreamer\jsonassert\1.4.0\9cdbb373a06f6513e51e8c545ee6a5e981463edb\jsonassert-1.4.0.jar;C:\Users\24219\.gradle\caches\modules-2\files-2.1\org.springframework\spring-core\4.3.18.RELEASE\4acbce682c3dfe38181d57b7e0792e2cc21e4f77\spring-core-4.3.18.RELEASE.jar;C:\Users\24219\.gradle\caches\modules-2\files-2.1\org.springframework\spring-test\4.3.18.RELEASE\1995997f20dcb66d44c252bb6d1a06eff00b465e\spring-test-4.3.18.RELEASE.jar;C:\Users\24219\.gradle\caches\modules-2\files-2.1\org.springframework.boot\spring-boot\1.5.14.RELEASE\af490756d8a0d3c0dcfb5372f4586afce6b3c960\spring-boot-1.5.14.RELEASE.jar;C:\Users\24219\.gradle\caches\modules-2\files-2.1\org.springframework.boot\spring-boot-autoconfigure\1.5.14.RELEASE\a33f2ce0b5c4a41d61aa5fa1817d0055dea7150e\spring-boot-autoconfigure-1.5.14.RELEASE.jar;C:\Users\24219\.gradle\caches\modules-2\files-2.1\org.springframework.boot\spring-boot-starter-logging\1.5.14.RELEASE\970e7424050d1d1179640ec53b24953fa29fdcbd\spring-boot-starter-logging-1.5.14.RELEASE.jar;C:\Users\24219\.gradle\caches\modules-2\files-2.1\org.yaml\snakeyaml\1.17\7a27ea250c5130b2922b86dea63cbb1cc10a660c\snakeyaml-1.17.jar;C:\Users\24219\.gradle\caches\modules-2\files-2.1\javax.validation\validation-api\1.1.0.Final\8613ae82954779d518631e05daa73a6a954817d5\validation-api-1.1.0.Final.jar;C:\Users\24219\.gradle\caches\modules-2\files-2.1\org.jboss.logging\jboss-logging\3.3.2.Final\3789d00e859632e6c6206adc0c71625559e6e3b0\jboss-logging-3.3.2.Final.jar;C:\Users\24219\.gradle\caches\modules-2\files-2.1\com.fasterxml\classmate\1.3.4\3d5f48f10bbe4eb7bd862f10c0583be2e0053c6\classmate-1.3.4.jar;C:\Users\24219\.gradle\caches\modules-2\files-2.1\com.fasterxml.jackson.core\jackson-annotations\2.8.0\45b426f7796b741035581a176744d91090e2e6fb\jackson-annotations-2.8.0.jar;C:\Users\24219\.gradle\caches\modules-2\files-2.1\com.fasterxml.jackson.core\jackson-core\2.8.11\876ead1db19f0c9e79c9789273a3ef8c6fd6c29b\jackson-core-2.8.11.jar;C:\Users\24219\.gradle\caches\modules-2\files-2.1\org.springframework\spring-beans\4.3.18.RELEASE\27460686b16b3ffee60bb3365cd56bba6ed860ff\spring-beans-4.3.18.RELEASE.jar;C:\Users\24219\.gradle\caches\modules-2\files-2.1\org.springframework\spring-context\4.3.18.RELEASE\d302953b509e6d380856e245bf80c29770c08c98\spring-context-4.3.18.RELEASE.jar;C:\Users\24219\.gradle\caches\modules-2\files-2.1\org.springframework\spring-expression\4.3.18.RELEASE\64f2270bfd9d615c8c3b9d94995867f39391ed30\spring-expression-4.3.18.RELEASE.jar;C:\Users\24219\.gradle\caches\modules-2\files-2.1\org.attoparser\attoparser\2.0.2.RELEASE\13d40c5bbc1fb7c021f54223f27c9feb1328cee3\attoparser-2.0.2.RELEASE.jar;C:\Users\24219\.gradle\caches\modules-2\files-2.1\org.unbescape\unbescape\1.1.4.RELEASE\1ef1371149efc31d72d35dc290cf16c1a4736a12\unbescape-1.1.4.RELEASE.jar;C:\Users\24219\.gradle\caches\modules-2\files-2.1\org.codehaus.groovy\groovy\2.4.15\74b7e0b99526c569e3a59cb84dbcc6204d601ee6\groovy-2.4.15.jar;C:\Users\24219\.gradle\caches\modules-2\files-2.1\nz.net.ultraq.thymeleaf\thymeleaf-expression-processor\1.1.2\f9ade8db0d5d3b1622051bf7b22248c58a0c0ab6\thymeleaf-expression-processor-1.1.2.jar;C:\Users\24219\.gradle\caches\modules-2\files-2.1\org.springframework.security\spring-security-core\4.2.7.RELEASE\3b74ac31cb84d1cab6dcc55887391dfe593a30f6\spring-security-core-4.2.7.RELEASE.jar;C:\Users\24219\.gradle\caches\modules-2\files-2.1\org.aspectj\aspectjweaver\1.8.13\ad94df2a28d658a40dc27bbaff6a1ce5fbf04e9b\aspectjweaver-1.8.13.jar;C:\Users\24219\.gradle\caches\modules-2\files-2.1\org.apache.tomcat\tomcat-jdbc\8.5.31\7caa97fbe2765d3ed89adc036b852cc46456e415\tomcat-jdbc-8.5.31.jar;C:\Users\24219\.gradle\caches\modules-2\files-2.1\org.springframework\spring-jdbc\4.3.18.RELEASE\816bc40759cd07ec50b86b1472aa021813387114\spring-jdbc-4.3.18.RELEASE.jar;C:\Users\24219\.gradle\caches\modules-2\files-2.1\org.hibernate.javax.persistence\hibernate-jpa-2.1-api\1.0.0.Final\5e731d961297e5a07290bfaf3db1fbc8bbbf405a\hibernate-jpa-2.1-api-1.0.0.Final.jar;C:\Users\24219\.gradle\caches\modules-2\files-2.1\org.javassist\javassist\3.21.0-GA\598244f595db5c5fb713731eddbb1c91a58d959b\javassist-3.21.0-GA.jar;C:\Users\24219\.gradle\caches\modules-2\files-2.1\antlr\antlr\2.7.7\83cd2cd674a217ade95a4bb83a8a14f351f48bd0\antlr-2.7.7.jar;C:\Users\24219\.gradle\caches\modules-2\files-2.1\org.jboss.spec.javax.transaction\jboss-transaction-api_1.2_spec\1.0.1.Final\4441f144a2a1f46ed48fcc6b476a4b6295e6d524\jboss-transaction-api_1.2_spec-1.0.1.Final.jar;C:\Users\24219\.gradle\caches\modules-2\files-2.1\org.jboss\jandex\2.0.3.Final\bfc4d6257dbff7a33a357f0de116be6ff951d849\jandex-2.0.3.Final.jar;C:\Users\24219\.gradle\caches\modules-2\files-2.1\dom4j\dom4j\1.6.1\5d3ccc056b6f056dbf0dddfdf43894b9065a8f94\dom4j-1.6.1.jar;C:\Users\24219\.gradle\caches\modules-2\files-2.1\org.hibernate.common\hibernate-commons-annotations\5.0.1.Final\71e1cff3fcb20d3b3af4f3363c3ddb24d33c6879\hibernate-commons-annotations-5.0.1.Final.jar;C:\Users\24219\.gradle\caches\modules-2\files-2.1\net.bytebuddy\byte-buddy\1.6.6\7d421c533adb4e1948e3219572f94c485f09a644\byte-buddy-1.6.6.jar;C:\Users\24219\.gradle\caches\modules-2\files-2.1\org.springframework.data\spring-data-commons\1.13.13.RELEASE\9f51e01185ef86a433a3b490b3b15bd903a26199\spring-data-commons-1.13.13.RELEASE.jar;C:\Users\24219\.gradle\caches\modules-2\files-2.1\org.springframework\spring-orm\4.3.18.RELEASE\f5f7cef67e9729f0f96a89441ae24980c7339da8\spring-orm-4.3.18.RELEASE.jar;C:\Users\24219\.gradle\caches\modules-2\files-2.1\org.springframework\spring-tx\4.3.18.RELEASE\b6b7938f7d8ba412b6663a8b950592557c2d996e\spring-tx-4.3.18.RELEASE.jar;C:\Users\24219\.gradle\caches\modules-2\files-2.1\org.slf4j\jcl-over-slf4j\1.7.25\f8c32b13ff142a513eeb5b6330b1588dcb2c0461\jcl-over-slf4j-1.7.25.jar;C:\Users\24219\.gradle\caches\modules-2\files-2.1\commons-lang\commons-lang\2.6\ce1edb914c94ebc388f086c6827e8bdeec71ac2\commons-lang-2.6.jar;C:\Users\24219\.gradle\caches\modules-2\files-2.1\joda-time\joda-time\2.9.9\f7b520c458572890807d143670c9b24f4de90897\joda-time-2.9.9.jar;C:\Users\24219\.gradle\caches\modules-2\files-2.1\org.elasticsearch\elasticsearch\2.4.6\d2954e1173a608a9711f132d1768a676a8b1fb81\elasticsearch-2.4.6.jar;C:\Users\24219\.gradle\caches\modules-2\files-2.1\org.apache.tomcat\tomcat-annotations-api\8.5.31\f0758d8b5d1404cc25f98945bdd5959699658b4a\tomcat-annotations-api-8.5.31.jar;C:\Users\24219\.gradle\caches\modules-2\files-2.1\net.minidev\json-smart\2.2.1\5b9e5df7a62d1279b70dc882b041d249c4f0b002\json-smart-2.2.1.jar;C:\Users\24219\.gradle\caches\modules-2\files-2.1\org.objenesis\objenesis\2.1\87c0ea803b69252868d09308b4618f766f135a96\objenesis-2.1.jar;C:\Users\24219\.gradle\caches\modules-2\files-2.1\com.vaadin.external.google\android-json\0.0.20131108.vaadin1\fa26d351fe62a6a17f5cda1287c1c6110dec413f\android-json-0.0.20131108.vaadin1.jar;C:\Users\24219\.gradle\caches\modules-2\files-2.1\ch.qos.logback\logback-classic\1.1.11\ccedfbacef4a6515d2983e3f89ed753d5d4fb665\logback-classic-1.1.11.jar;C:\Users\24219\.gradle\caches\modules-2\files-2.1\org.slf4j\jul-to-slf4j\1.7.25\af5364cd6679bfffb114f0dec8a157aaa283b76\jul-to-slf4j-1.7.25.jar;C:\Users\24219\.gradle\caches\modules-2\files-2.1\org.slf4j\log4j-over-slf4j\1.7.25\a87bb47468f47ee7aabbd54f93e133d4215769c3\log4j-over-slf4j-1.7.25.jar;C:\Users\24219\.gradle\caches\modules-2\files-2.1\org.apache.tomcat\tomcat-juli\8.5.31\603fb6e0ddd216b53a803801561661ae9c294ff\tomcat-juli-8.5.31.jar;C:\Users\24219\.gradle\caches\modules-2\files-2.1\org.apache.lucene\lucene-core\5.5.4\ab9c77e75cf142aa6e284b310c8395617bd9b19b\lucene-core-5.5.4.jar;C:\Users\24219\.gradle\caches\modules-2\files-2.1\org.apache.lucene\lucene-backward-codecs\5.5.4\a933f42e758c54c43083398127ea7342b54d8212\lucene-backward-codecs-5.5.4.jar;C:\Users\24219\.gradle\caches\modules-2\files-2.1\org.apache.lucene\lucene-analyzers-common\5.5.4\8ce9d34c8124c80e176e8332ee947480bbb9576\lucene-analyzers-common-5.5.4.jar;C:\Users\24219\.gradle\caches\modules-2\files-2.1\org.apache.lucene\lucene-queries\5.5.4\f915357b8b4b43742ab48f1401dedcaa12dfa37a\lucene-queries-5.5.4.jar;C:\Users\24219\.gradle\caches\modules-2\files-2.1\org.apache.lucene\lucene-memory\5.5.4\4dbdc2e1a24837722294762a9edb479f79092ab9\lucene-memory-5.5.4.jar;C:\Users\24219\.gradle\caches\modules-2\files-2.1\org.apache.lucene\lucene-highlighter\5.5.4\433f53f03f1b14337c08d54e507a5410905376fa\lucene-highlighter-5.5.4.jar;C:\Users\24219\.gradle\caches\modules-2\files-2.1\org.apache.lucene\lucene-queryparser\5.5.4\8a06fad4675473d98d93b61fea529e3f464bf69e\lucene-queryparser-5.5.4.jar;C:\Users\24219\.gradle\caches\modules-2\files-2.1\org.apache.lucene\lucene-suggest\5.5.4\f46dbb3229eed62dff10d008172c885e0e028c8\lucene-suggest-5.5.4.jar;C:\Users\24219\.gradle\caches\modules-2\files-2.1\org.apache.lucene\lucene-join\5.5.4\23f9a909a244ed3b28b37c5bb21a6e33e6c0a339\lucene-join-5.5.4.jar;C:\Users\24219\.gradle\caches\modules-2\files-2.1\org.apache.lucene\lucene-spatial\5.5.4\217d302dc0ef4d9b8b475ffe327d83c1e0ceba5\lucene-spatial-5.5.4.jar;C:\Users\24219\.gradle\caches\modules-2\files-2.1\com.google.guava\guava\18.0\cce0823396aa693798f8882e64213b1772032b09\guava-18.0.jar;C:\Users\24219\.gradle\caches\modules-2\files-2.1\org.elasticsearch\securesm\1.0\c0c6cf986ba0057390bfcc80c366a0e3157f944b\securesm-1.0.jar;C:\Users\24219\.gradle\caches\modules-2\files-2.1\com.carrotsearch\hppc\0.7.1\8b5057f74ea378c0150a1860874a3ebdcb713767\hppc-0.7.1.jar;C:\Users\24219\.gradle\caches\modules-2\files-2.1\com.fasterxml.jackson.dataformat\jackson-dataformat-smile\2.8.11\d9d1c49c5d9d5e46e2aee55f3cdd119286fe0fc1\jackson-dataformat-smile-2.8.11.jar;C:\Users\24219\.gradle\caches\modules-2\files-2.1\com.fasterxml.jackson.dataformat\jackson-dataformat-yaml\2.8.11\2e77c6ff7342cd61ab1ae7cb14ed16aebfc8a72a\jackson-dataformat-yaml-2.8.11.jar;C:\Users\24219\.gradle\caches\modules-2\files-2.1\com.fasterxml.jackson.dataformat\jackson-dataformat-cbor\2.8.11\8b9826e16c3366764bfb7ad7362554f0471046c3\jackson-dataformat-cbor-2.8.11.jar;C:\Users\24219\.gradle\caches\modules-2\files-2.1\io.netty\netty\3.10.6.Final\18ed04a0e502896552854926e908509db2987a00\netty-3.10.6.Final.jar;C:\Users\24219\.gradle\caches\modules-2\files-2.1\com.ning\compress-lzf\1.0.2\62896e6fca184c79cc01a14d143f3ae2b4f4b4ae\compress-lzf-1.0.2.jar;C:\Users\24219\.gradle\caches\modules-2\files-2.1\com.tdunning\t-digest\3.0\84ccf145ac2215e6bfa63baa3101c0af41017cfc\t-digest-3.0.jar;C:\Users\24219\.gradle\caches\modules-2\files-2.1\org.hdrhistogram\HdrHistogram\2.1.6\7495feb7f71ee124bd2a7e7d83590e296d71d80e\HdrHistogram-2.1.6.jar;C:\Users\24219\.gradle\caches\modules-2\files-2.1\commons-cli\commons-cli\1.3.1\1303efbc4b181e5a58bf2e967dc156a3132b97c0\commons-cli-1.3.1.jar;C:\Users\24219\.gradle\caches\modules-2\files-2.1\com.twitter\jsr166e\1.1.0\233098147123ee5ddcd39ffc57ff648be4b7e5b2\jsr166e-1.1.0.jar;C:\Users\24219\.gradle\caches\modules-2\files-2.1\net.minidev\accessors-smart\1.1\a527213f2fea112a04c9bdf0ec0264e34104cd08\accessors-smart-1.1.jar;C:\Users\24219\.gradle\caches\modules-2\files-2.1\ch.qos.logback\logback-core\1.1.11\88b8df40340eed549fb07e2613879bf6b006704d\logback-core-1.1.11.jar;C:\Users\24219\.gradle\caches\modules-2\files-2.1\org.apache.lucene\lucene-sandbox\5.5.4\49498bbb2adc333e98bdca4bf6170ae770cbad11\lucene-sandbox-5.5.4.jar;C:\Users\24219\.gradle\caches\modules-2\files-2.1\org.apache.lucene\lucene-misc\5.5.4\a74388857f73614e528ae44d742c60187cb55a5a\lucene-misc-5.5.4.jar;C:\Users\24219\.gradle\caches\modules-2\files-2.1\org.apache.lucene\lucene-grouping\5.5.4\986b71b1639b13ed91a18a97a99362dc5419449\lucene-grouping-5.5.4.jar;C:\Users\24219\.gradle\caches\modules-2\files-2.1\org.apache.lucene\lucene-spatial3d\5.5.4\e7f070127b5d29500b866fe742fbbe74c701e87\lucene-spatial3d-5.5.4.jar;C:\Users\24219\.gradle\caches\modules-2\files-2.1\com.spatial4j\spatial4j\0.5\6e16edaf6b1ba76db7f08c2f3723fce3b358ecc3\spatial4j-0.5.jar;C:\Users\24219\.gradle\caches\modules-2\files-2.1\org.ow2.asm\asm\5.0.3\dcc2193db20e19e1feca8b1240dbbc4e190824fa\asm-5.0.3.jar, user.name=24219, java.vm.specification.version=1.8, sun.java.command=worker.org.gradle.process.internal.worker.GradleWorkerMain 'Gradle Test Executor 1', java.home=C:\Program Files\Java\jdk1.8.0_151\jre, sun.arch.data.model=64, user.language=zh, java.specification.vendor=Oracle Corporation, awt.toolkit=sun.awt.windows.WToolkit, java.vm.info=mixed mode, java.version=1.8.0_151, java.ext.dirs=C:\Program Files\Java\jdk1.8.0_151\jre\lib\ext;C:\Windows\Sun\Java\lib\ext, sun.boot.class.path=C:\Program Files\Java\jdk1.8.0_151\jre\lib\resources.jar;C:\Program Files\Java\jdk1.8.0_151\jre\lib\rt.jar;C:\Program Files\Java\jdk1.8.0_151\jre\lib\sunrsasign.jar;C:\Program Files\Java\jdk1.8.0_151\jre\lib\jsse.jar;C:\Program Files\Java\jdk1.8.0_151\jre\lib\jce.jar;C:\Program Files\Java\jdk1.8.0_151\jre\lib\charsets.jar;C:\Program Files\Java\jdk1.8.0_151\jre\lib\jfr.jar;C:\Program Files\Java\jdk1.8.0_151\jre\classes, java.vendor=Oracle Corporation, org.gradle.test.worker=1, file.separator=\, java.vendor.url.bug=http://bugreport.sun.com/bugreport/, sun.io.unicode.encoding=UnicodeLittle, sun.cpu.endian=little, sun.desktop=windows, sun.cpu.isalist=amd64}}, SystemEnvironmentPropertySource@1837274914 {name='systemEnvironment', properties={USERDOMAIN_ROAMINGPROFILE=DESKTOP-V341JIN, PROCESSOR_LEVEL=6, SESSIONNAME=Console, ALLUSERSPROFILE=C:\ProgramData, PROCESSOR_ARCHITECTURE=AMD64, CXF_HOME=H:\软件\apache-cxf-2.7.11, PSModulePath=C:\Program Files\WindowsPowerShell\Modules;C:\Windows\system32\WindowsPowerShell\v1.0\Modules, SystemDrive=C:, MAVEN_HOME=D:\JavaEE\apache-maven-3.5.2, MOZ_PLUGIN_PATH=J:\Foxit Reader\plugins\, USERNAME=24219, ProgramFiles(x86)=C:\Program Files (x86), FPS_BROWSER_USER_PROFILE_STRING=Default, PATHEXT=.COM;.EXE;.BAT;.CMD;.VBS;.VBE;.JS;.JSE;.WSF;.WSH;.MSC, JAVA_HOME1.6=C:\Program Files (x86)\Java\jdk1.6.0_43, ProgramData=C:\ProgramData, ProgramW6432=C:\Program Files, HOMEPATH=\Users\24219, PROCESSOR_IDENTIFIER=Intel64 Family 6 Model 60 Stepping 3, GenuineIntel, HADOOP_HOME=H:\大数据\hadoop-common-2.2.0, ProgramFiles=C:\Program Files, PUBLIC=C:\Users\Public, windir=C:\Windows, =::=::\, VS150COMCOMNTOOLS=C:\Program Files (x86)\Microsoft Visual Studio\2017\Community\Common7\Tools\, LOCALAPPDATA=C:\Users\24219\AppData\Local, USERDOMAIN=DESKTOP-V341JIN, FPS_BROWSER_APP_PROFILE_STRING=Internet Explorer, LOGONSERVER=\\DESKTOP-V341JIN, JAVA_HOME=C:\Program Files\Java\jdk1.8.0_151, GRADLE_HOME=H:\软件\gradle-3.5.1, OneDrive=C:\Users\24219\OneDrive, APPDATA=C:\Users\24219\AppData\Roaming, CommonProgramFiles=C:\Program Files\Common Files, Path=C:\ProgramData\Oracle\Java\javapath;C:\Windows\system32;C:\Windows;C:\Windows\System32\Wbem;C:\Windows\System32\WindowsPowerShell\v1.0\;C:\Program Files (x86)\NVIDIA Corporation\PhysX\Common;"C:\Program Files\Java\jdk1.8.0_151\bin;C:\Program Files\Java\jdk1.8.0_151\jre\bin";C:\Program Files\nodejs\;C:\Go\bin;C:\Program Files\MySQL\MySQL Utilities 1.6\;$HADOOP_HOME\bin;D:\JavaEE\apache-maven-3.5.2\bin;C:\Program Files\Intel\WiFi\bin\;C:\Program Files\Common Files\Intel\WirelessCommon\;H:\软件\apache-cxf-2.7.11\bin;H:\软件\gradle-3.5.1\bin;C:\Program Files\TortoiseSVN\bin;C:\Program Files\Git\cmd;C:\Users\24219\AppData\Local\Microsoft\WindowsApps;C:\Users\24219\AppData\Roaming\npm;C:\Program Files\Microsoft VS Code\bin;C:\Users\24219\AppData\Local\GitHubDesktop\bin;C:\Program Files\Intel\WiFi\bin\;C:\Program Files\Common Files\Intel\WirelessCommon\, OS=Windows_NT, COMPUTERNAME=DESKTOP-V341JIN, PROCESSOR_REVISION=3c03, CLASSPATH=.;C:\Program Files\Java\jdk1.8.0_151\lib;C:\Program Files\Java\jdk1.8.0_151\lib\tools.jar, CommonProgramW6432=C:\Program Files\Common Files, GOROOT=C:\Go\, ComSpec=C:\Windows\system32\cmd.exe, SystemRoot=C:\Windows, TEMP=C:\Users\24219\AppData\Local\Temp, HOMEDRIVE=C:, USERPROFILE=C:\Users\24219, TMP=C:\Users\24219\AppData\Local\Temp, CommonProgramFiles(x86)=C:\Program Files (x86)\Common Files, NUMBER_OF_PROCESSORS=4}}]
20:06:08.112 [Test worker] DEBUG org.springframework.core.env.MutablePropertySources - Adding PropertySource 'inline' with highest search precedence
20:06:08.128 [Test worker] DEBUG org.springframework.test.context.support.TestPropertySourceUtils - Adding inlined properties to environment: {spring.jmx.enabled=false, org.springframework.boot.test.context.SpringBootTestContextBootstrapper=true, server.port=-1}
20:06:08.129 [Test worker] DEBUG org.springframework.core.env.StandardEnvironment - Adding PropertySource 'Inlined Test Properties' with highest search precedence

  .   ____          _            __ _ _
 /\\ / ___'_ __ _ _(_)_ __  __ _ \ \ \ \
( ( )\___ | '_ | '_| | '_ \/ _` | \ \ \ \
 \\/  ___)| |_)| | | | | || (_| |  ) ) ) )
  '  |____| .__|_| |_|_| |_\__, | / / / /
 =========|_|==============|___/=/_/_/_/
 :: Spring Boot ::       (v1.5.14.RELEASE)

20:06:08.698 logback [Test worker] INFO  c.u.springboot.blog.ApplicationTests - Starting ApplicationTests on DESKTOP-V341JIN with PID 16160 (started by 24219 in D:\blog-prototype)
20:06:08.700 logback [Test worker] INFO  c.u.springboot.blog.ApplicationTests - No active profile set, falling back to default profiles: default
20:06:09.252 logback [Test worker] INFO  o.s.w.c.s.GenericWebApplicationContext - Refreshing org.springframework.web.context.support.GenericWebApplicationContext@38bf34b4: startup date [Mon Jul 09 20:06:09 CST 2018]; root of context hierarchy
20:06:09.343 logback [background-preinit] INFO  o.h.validator.internal.util.Version - HV000001: Hibernate Validator 5.3.6.Final
20:06:10.984 logback [Test worker] INFO  o.s.d.r.c.RepositoryConfigurationDelegate - Multiple Spring Data modules found, entering strict repository configuration mode!
20:06:11.112 logback [Test worker] INFO  o.s.d.r.c.RepositoryConfigurationExtensionSupport - Spring Data Elasticsearch - Could not safely identify store assignment for repository candidate interface com.usher.springboot.blog.repository.CatalogRepository.
20:06:11.119 logback [Test worker] INFO  o.s.d.r.c.RepositoryConfigurationExtensionSupport - Spring Data Elasticsearch - Could not safely identify store assignment for repository candidate interface com.usher.springboot.blog.repository.VoteRepository.
20:06:11.125 logback [Test worker] INFO  o.s.d.r.c.RepositoryConfigurationExtensionSupport - Spring Data Elasticsearch - Could not safely identify store assignment for repository candidate interface com.usher.springboot.blog.repository.AuthorityRepository.
20:06:11.128 logback [Test worker] INFO  o.s.d.r.c.RepositoryConfigurationExtensionSupport - Spring Data Elasticsearch - Could not safely identify store assignment for repository candidate interface com.usher.springboot.blog.repository.CommentRepository.
20:06:11.132 logback [Test worker] INFO  o.s.d.r.c.RepositoryConfigurationExtensionSupport - Spring Data Elasticsearch - Could not safely identify store assignment for repository candidate interface com.usher.springboot.blog.repository.UserRepository.
20:06:11.206 logback [Test worker] INFO  o.s.d.r.c.RepositoryConfigurationDelegate - Multiple Spring Data modules found, entering strict repository configuration mode!
20:06:11.274 logback [Test worker] INFO  o.s.d.r.c.RepositoryConfigurationExtensionSupport - Spring Data JPA - Could not safely identify store assignment for repository candidate interface com.usher.springboot.blog.repository.es.EsBlogRepository.
20:06:11.279 logback [Test worker] INFO  o.s.b.f.s.DefaultListableBeanFactory - Overriding bean definition for bean 'blogRepository' with a different definition: replacing [Root bean: class [org.springframework.data.elasticsearch.repository.support.ElasticsearchRepositoryFactoryBean]; scope=; abstract=false; lazyInit=false; autowireMode=0; dependencyCheck=0; autowireCandidate=true; primary=false; factoryBeanName=null; factoryMethodName=null; initMethodName=null; destroyMethodName=null] with [Root bean: class [org.springframework.data.jpa.repository.support.JpaRepositoryFactoryBean]; scope=; abstract=false; lazyInit=false; autowireMode=0; dependencyCheck=0; autowireCandidate=true; primary=false; factoryBeanName=null; factoryMethodName=null; initMethodName=null; destroyMethodName=null]
20:06:12.339 logback [Test worker] INFO  o.s.c.s.PostProcessorRegistrationDelegate$BeanPostProcessorChecker - Bean 'org.springframework.transaction.annotation.ProxyTransactionManagementConfiguration' of type [org.springframework.transaction.annotation.ProxyTransactionManagementConfiguration$$EnhancerBySpringCGLIB$$138b4b5d] is not eligible for getting processed by all BeanPostProcessors (for example: not eligible for auto-proxying)
20:06:12.508 logback [Test worker] INFO  o.s.c.s.PostProcessorRegistrationDelegate$BeanPostProcessorChecker - Bean 'org.springframework.security.config.annotation.configuration.ObjectPostProcessorConfiguration' of type [org.springframework.security.config.annotation.configuration.ObjectPostProcessorConfiguration$$EnhancerBySpringCGLIB$$ac391397] is not eligible for getting processed by all BeanPostProcessors (for example: not eligible for auto-proxying)
20:06:12.576 logback [Test worker] INFO  o.s.c.s.PostProcessorRegistrationDelegate$BeanPostProcessorChecker - Bean 'objectPostProcessor' of type [org.springframework.security.config.annotation.configuration.AutowireBeanFactoryObjectPostProcessor] is not eligible for getting processed by all BeanPostProcessors (for example: not eligible for auto-proxying)
20:06:12.586 logback [Test worker] INFO  o.s.c.s.PostProcessorRegistrationDelegate$BeanPostProcessorChecker - Bean 'org.springframework.security.access.expression.method.DefaultMethodSecurityExpressionHandler@30450799' of type [org.springframework.security.access.expression.method.DefaultMethodSecurityExpressionHandler] is not eligible for getting processed by all BeanPostProcessors (for example: not eligible for auto-proxying)
20:06:12.602 logback [Test worker] INFO  o.s.c.s.PostProcessorRegistrationDelegate$BeanPostProcessorChecker - Bean 'org.springframework.security.config.annotation.method.configuration.GlobalMethodSecurityConfiguration' of type [org.springframework.security.config.annotation.method.configuration.GlobalMethodSecurityConfiguration$$EnhancerBySpringCGLIB$$d10db649] is not eligible for getting processed by all BeanPostProcessors (for example: not eligible for auto-proxying)
20:06:12.638 logback [Test worker] INFO  o.s.c.s.PostProcessorRegistrationDelegate$BeanPostProcessorChecker - Bean 'methodSecurityMetadataSource' of type [org.springframework.security.access.method.DelegatingMethodSecurityMetadataSource] is not eligible for getting processed by all BeanPostProcessors (for example: not eligible for auto-proxying)
20:06:20.009 logback [Test worker] INFO  o.s.o.j.LocalContainerEntityManagerFactoryBean - Building JPA container EntityManagerFactory for persistence unit 'default'
20:06:20.049 logback [Test worker] INFO  o.h.jpa.internal.util.LogHelper - HHH000204: Processing PersistenceUnitInfo [
	name: default
	...]
20:06:20.411 logback [Test worker] INFO  org.hibernate.Version - HHH000412: Hibernate Core {5.2.8.Final}
20:06:20.418 logback [Test worker] INFO  org.hibernate.cfg.Environment - HHH000206: hibernate.properties not found
20:06:20.505 logback [Test worker] INFO  o.h.annotations.common.Version - HCANN000001: Hibernate Commons Annotations {5.0.1.Final}
20:06:20.890 logback [Test worker] INFO  org.hibernate.dialect.Dialect - HHH000400: Using dialect: org.hibernate.dialect.MySQL5Dialect
20:06:21.983 logback [Test worker] INFO  o.s.o.j.LocalContainerEntityManagerFactoryBean - Initialized JPA EntityManagerFactory for persistence unit 'default'
20:06:24.310 logback [Test worker] INFO  org.elasticsearch.plugins - [gen Harada] modules [], plugins [], sites []
20:06:25.428 logback [Test worker] INFO  o.s.d.e.c.TransportClientFactoryBean - adding transport node : 116.196.113.135:9301
20:06:25.901 logback [Test worker] ERROR o.s.d.e.r.s.AbstractElasticsearchRepository - failed to load elasticsearch nodes : org.elasticsearch.index.mapper.MapperParsingException: No type specified for field [blogId]
20:06:26.988 logback [Test worker] INFO  o.s.s.web.DefaultSecurityFilterChain - Creating filter chain: org.springframework.security.web.util.matcher.AnyRequestMatcher@1, [org.springframework.security.web.context.request.async.WebAsyncManagerIntegrationFilter@71e03dce, org.springframework.security.web.context.SecurityContextPersistenceFilter@331922a4, org.springframework.security.web.header.HeaderWriterFilter@5f48b1e, org.springframework.security.web.csrf.CsrfFilter@3cab3341, org.springframework.security.web.authentication.logout.LogoutFilter@5afbf5c4, org.springframework.security.web.authentication.UsernamePasswordAuthenticationFilter@78533c37, org.springframework.security.web.savedrequest.RequestCacheAwareFilter@422a083c, org.springframework.security.web.servletapi.SecurityContextHolderAwareRequestFilter@11a24f44, org.springframework.security.web.authentication.rememberme.RememberMeAuthenticationFilter@2058d06a, org.springframework.security.web.authentication.AnonymousAuthenticationFilter@6110dc02, org.springframework.security.web.session.SessionManagementFilter@763c34f4, org.springframework.security.web.access.ExceptionTranslationFilter@3be1303c, org.springframework.security.web.access.intercept.FilterSecurityInterceptor@7daa7403]
20:06:27.892 logback [Test worker] INFO  o.s.w.s.m.m.a.RequestMappingHandlerAdapter - Looking for @ControllerAdvice: org.springframework.web.context.support.GenericWebApplicationContext@38bf34b4: startup date [Mon Jul 09 20:06:09 CST 2018]; root of context hierarchy
20:06:28.064 logback [Test worker] INFO  o.s.w.s.m.m.a.RequestMappingHandlerMapping - Mapped "{[/admins],methods=[GET]}" onto public org.springframework.web.servlet.ModelAndView com.usher.springboot.blog.controller.AdminController.listUsers(org.springframework.ui.Model)
20:06:28.069 logback [Test worker] INFO  o.s.w.s.m.m.a.RequestMappingHandlerMapping - Mapped "{[/blogs],methods=[GET]}" onto public java.lang.String com.usher.springboot.blog.controller.BlogController.listEsBlogs(java.lang.String,java.lang.String,boolean,int,int,org.springframework.ui.Model)
20:06:28.074 logback [Test worker] INFO  o.s.w.s.m.m.a.RequestMappingHandlerMapping - Mapped "{[/blogs/newest],methods=[GET]}" onto public java.lang.String com.usher.springboot.blog.controller.BlogController.listNewestEsBlogs(org.springframework.ui.Model)
20:06:28.078 logback [Test worker] INFO  o.s.w.s.m.m.a.RequestMappingHandlerMapping - Mapped "{[/blogs/hotest],methods=[GET]}" onto public java.lang.String com.usher.springboot.blog.controller.BlogController.listHotestEsBlogs(org.springframework.ui.Model)
20:06:28.084 logback [Test worker] INFO  o.s.w.s.m.m.a.RequestMappingHandlerMapping - Mapped "{[/catalogs/{id}],methods=[DELETE]}" onto public org.springframework.http.ResponseEntity<com.usher.springboot.blog.vo.ResponseVO> com.usher.springboot.blog.controller.CatalogController.delete(java.lang.String,java.lang.Long)
20:06:28.085 logback [Test worker] INFO  o.s.w.s.m.m.a.RequestMappingHandlerMapping - Mapped "{[/catalogs],methods=[POST]}" onto public org.springframework.http.ResponseEntity<com.usher.springboot.blog.vo.ResponseVO> com.usher.springboot.blog.controller.CatalogController.create(com.usher.springboot.blog.vo.CatalogVO)
20:06:28.086 logback [Test worker] INFO  o.s.w.s.m.m.a.RequestMappingHandlerMapping - Mapped "{[/catalogs/edit/{id}],methods=[GET]}" onto public java.lang.String com.usher.springboot.blog.controller.CatalogController.getCatalogById(java.lang.Long,org.springframework.ui.Model)
20:06:28.087 logback [Test worker] INFO  o.s.w.s.m.m.a.RequestMappingHandlerMapping - Mapped "{[/catalogs],methods=[GET]}" onto public java.lang.String com.usher.springboot.blog.controller.CatalogController.listComments(java.lang.String,org.springframework.ui.Model)
20:06:28.087 logback [Test worker] INFO  o.s.w.s.m.m.a.RequestMappingHandlerMapping - Mapped "{[/catalogs/edit],methods=[GET]}" onto public java.lang.String com.usher.springboot.blog.controller.CatalogController.getCatalogEdit(org.springframework.ui.Model)
20:06:28.093 logback [Test worker] INFO  o.s.w.s.m.m.a.RequestMappingHandlerMapping - Mapped "{[/comments/{id}],methods=[DELETE]}" onto public org.springframework.http.ResponseEntity<com.usher.springboot.blog.vo.ResponseVO> com.usher.springboot.blog.controller.CommentController.delete(java.lang.Long,java.lang.Long)
20:06:28.093 logback [Test worker] INFO  o.s.w.s.m.m.a.RequestMappingHandlerMapping - Mapped "{[/comments],methods=[GET]}" onto public java.lang.String com.usher.springboot.blog.controller.CommentController.listComments(java.lang.Long,org.springframework.ui.Model)
20:06:28.093 logback [Test worker] INFO  o.s.w.s.m.m.a.RequestMappingHandlerMapping - Mapped "{[/comments],methods=[POST]}" onto public org.springframework.http.ResponseEntity<com.usher.springboot.blog.vo.ResponseVO> com.usher.springboot.blog.controller.CommentController.createComment(java.lang.Long,java.lang.String)
20:06:28.094 logback [Test worker] INFO  o.s.w.s.m.m.a.RequestMappingHandlerMapping - Mapped "{[/docker],methods=[GET]}" onto public java.lang.String com.usher.springboot.blog.controller.DockerController.dockerTest()
20:06:28.097 logback [Test worker] INFO  o.s.w.s.m.m.a.RequestMappingHandlerMapping - Mapped "{[/index],methods=[GET]}" onto public java.lang.String com.usher.springboot.blog.controller.MainController.index()
20:06:28.097 logback [Test worker] INFO  o.s.w.s.m.m.a.RequestMappingHandlerMapping - Mapped "{[/register],methods=[GET]}" onto public java.lang.String com.usher.springboot.blog.controller.MainController.register()
20:06:28.097 logback [Test worker] INFO  o.s.w.s.m.m.a.RequestMappingHandlerMapping - Mapped "{[/],methods=[GET]}" onto public java.lang.String com.usher.springboot.blog.controller.MainController.root()
20:06:28.098 logback [Test worker] INFO  o.s.w.s.m.m.a.RequestMappingHandlerMapping - Mapped "{[/search],methods=[GET]}" onto public java.lang.String com.usher.springboot.blog.controller.MainController.search()
20:06:28.098 logback [Test worker] INFO  o.s.w.s.m.m.a.RequestMappingHandlerMapping - Mapped "{[/register],methods=[POST]}" onto public java.lang.String com.usher.springboot.blog.controller.MainController.registerUser(com.usher.springboot.blog.entities.User)
20:06:28.098 logback [Test worker] INFO  o.s.w.s.m.m.a.RequestMappingHandlerMapping - Mapped "{[/login-error],methods=[GET]}" onto public java.lang.String com.usher.springboot.blog.controller.MainController.loginError(org.springframework.ui.Model)
20:06:28.098 logback [Test worker] INFO  o.s.w.s.m.m.a.RequestMappingHandlerMapping - Mapped "{[/login],methods=[GET]}" onto public java.lang.String com.usher.springboot.blog.controller.MainController.login()
20:06:28.107 logback [Test worker] INFO  o.s.w.s.m.m.a.RequestMappingHandlerMapping - Mapped "{[/users/{id}],methods=[DELETE]}" onto public org.springframework.http.ResponseEntity<com.usher.springboot.blog.vo.ResponseVO> com.usher.springboot.blog.controller.UserController.delete(java.lang.Long,org.springframework.ui.Model)
20:06:28.109 logback [Test worker] INFO  o.s.w.s.m.m.a.RequestMappingHandlerMapping - Mapped "{[/users],methods=[POST]}" onto public org.springframework.http.ResponseEntity<com.usher.springboot.blog.vo.ResponseVO> com.usher.springboot.blog.controller.UserController.create(com.usher.springboot.blog.entities.User,java.lang.Long)
20:06:28.109 logback [Test worker] INFO  o.s.w.s.m.m.a.RequestMappingHandlerMapping - Mapped "{[/users],methods=[GET]}" onto public org.springframework.web.servlet.ModelAndView com.usher.springboot.blog.controller.UserController.list(boolean,int,int,java.lang.String,org.springframework.ui.Model)
20:06:28.109 logback [Test worker] INFO  o.s.w.s.m.m.a.RequestMappingHandlerMapping - Mapped "{[/users/add],methods=[GET]}" onto public org.springframework.web.servlet.ModelAndView com.usher.springboot.blog.controller.UserController.createForm(org.springframework.ui.Model)
20:06:28.110 logback [Test worker] INFO  o.s.w.s.m.m.a.RequestMappingHandlerMapping - Mapped "{[/users/edit/{id}],methods=[GET]}" onto public org.springframework.web.servlet.ModelAndView com.usher.springboot.blog.controller.UserController.modifyForm(java.lang.Long,org.springframework.ui.Model)
20:06:28.124 logback [Test worker] INFO  o.s.w.s.m.m.a.RequestMappingHandlerMapping - Mapped "{[/u/{username}/profile],methods=[GET]}" onto public org.springframework.web.servlet.ModelAndView com.usher.springboot.blog.controller.UserspaceController.profile(java.lang.String,org.springframework.ui.Model)
20:06:28.125 logback [Test worker] INFO  o.s.w.s.m.m.a.RequestMappingHandlerMapping - Mapped "{[/u/{username}/blogs/{id}],methods=[GET]}" onto public java.lang.String com.usher.springboot.blog.controller.UserspaceController.getBlogById(java.lang.String,java.lang.Long,org.springframework.ui.Model)
20:06:28.126 logback [Test worker] INFO  o.s.w.s.m.m.a.RequestMappingHandlerMapping - Mapped "{[/u/{username}/profile],methods=[POST]}" onto public java.lang.String com.usher.springboot.blog.controller.UserspaceController.saveProfile(java.lang.String,com.usher.springboot.blog.entities.User)
20:06:28.127 logback [Test worker] INFO  o.s.w.s.m.m.a.RequestMappingHandlerMapping - Mapped "{[/u/{username}/avatar],methods=[GET]}" onto public org.springframework.web.servlet.ModelAndView com.usher.springboot.blog.controller.UserspaceController.avatar(java.lang.String,org.springframework.ui.Model)
20:06:28.128 logback [Test worker] INFO  o.s.w.s.m.m.a.RequestMappingHandlerMapping - Mapped "{[/u/{username}/avatar],methods=[POST]}" onto public org.springframework.http.ResponseEntity<com.usher.springboot.blog.vo.ResponseVO> com.usher.springboot.blog.controller.UserspaceController.saveAvatar(java.lang.String,com.usher.springboot.blog.entities.User)
20:06:28.129 logback [Test worker] INFO  o.s.w.s.m.m.a.RequestMappingHandlerMapping - Mapped "{[/u/{username}/blogs],methods=[GET]}" onto public java.lang.String com.usher.springboot.blog.controller.UserspaceController.listBlogsByOrder(java.lang.String,java.lang.String,java.lang.Long,java.lang.String,boolean,int,int,org.springframework.ui.Model)
20:06:28.130 logback [Test worker] INFO  o.s.w.s.m.m.a.RequestMappingHandlerMapping - Mapped "{[/u/{username}/blogs/edit],methods=[GET]}" onto public org.springframework.web.servlet.ModelAndView com.usher.springboot.blog.controller.UserspaceController.createBlog(java.lang.String,org.springframework.ui.Model)
20:06:28.132 logback [Test worker] INFO  o.s.w.s.m.m.a.RequestMappingHandlerMapping - Mapped "{[/u/{username}/blogs/edit/{id}],methods=[GET]}" onto public org.springframework.web.servlet.ModelAndView com.usher.springboot.blog.controller.UserspaceController.editBlog(java.lang.String,java.lang.Long,org.springframework.ui.Model)
20:06:28.133 logback [Test worker] INFO  o.s.w.s.m.m.a.RequestMappingHandlerMapping - Mapped "{[/u/{username}/blogs/edit],methods=[POST]}" onto public org.springframework.http.ResponseEntity<com.usher.springboot.blog.vo.ResponseVO> com.usher.springboot.blog.controller.UserspaceController.saveBlog(java.lang.String,com.usher.springboot.blog.entities.Blog)
20:06:28.135 logback [Test worker] INFO  o.s.w.s.m.m.a.RequestMappingHandlerMapping - Mapped "{[/u/{username}/blogs/{id}],methods=[DELETE]}" onto public org.springframework.http.ResponseEntity<com.usher.springboot.blog.vo.ResponseVO> com.usher.springboot.blog.controller.UserspaceController.deleteBlog(java.lang.String,java.lang.Long)
20:06:28.137 logback [Test worker] INFO  o.s.w.s.m.m.a.RequestMappingHandlerMapping - Mapped "{[/u/{username}],methods=[GET]}" onto public java.lang.String com.usher.springboot.blog.controller.UserspaceController.userSpace(java.lang.String,org.springframework.ui.Model)
20:06:28.139 logback [Test worker] INFO  o.s.w.s.m.m.a.RequestMappingHandlerMapping - Mapped "{[/votes/{id}],methods=[DELETE]}" onto public org.springframework.http.ResponseEntity<com.usher.springboot.blog.vo.ResponseVO> com.usher.springboot.blog.controller.VoteController.delete(java.lang.Long,java.lang.Long)
20:06:28.140 logback [Test worker] INFO  o.s.w.s.m.m.a.RequestMappingHandlerMapping - Mapped "{[/votes],methods=[POST]}" onto public org.springframework.http.ResponseEntity<com.usher.springboot.blog.vo.ResponseVO> com.usher.springboot.blog.controller.VoteController.createVote(java.lang.Long)
20:06:28.144 logback [Test worker] INFO  o.s.w.s.m.m.a.RequestMappingHandlerMapping - Mapped "{[/error]}" onto public org.springframework.http.ResponseEntity<java.util.Map<java.lang.String, java.lang.Object>> org.springframework.boot.autoconfigure.web.BasicErrorController.error(javax.servlet.http.HttpServletRequest)
20:06:28.145 logback [Test worker] INFO  o.s.w.s.m.m.a.RequestMappingHandlerMapping - Mapped "{[/error],produces=[text/html]}" onto public org.springframework.web.servlet.ModelAndView org.springframework.boot.autoconfigure.web.BasicErrorController.errorHtml(javax.servlet.http.HttpServletRequest,javax.servlet.http.HttpServletResponse)
20:06:28.263 logback [Test worker] INFO  o.s.w.s.h.SimpleUrlHandlerMapping - Mapped URL path [/webjars/**] onto handler of type [class org.springframework.web.servlet.resource.ResourceHttpRequestHandler]
20:06:28.266 logback [Test worker] INFO  o.s.w.s.h.SimpleUrlHandlerMapping - Mapped URL path [/**] onto handler of type [class org.springframework.web.servlet.resource.ResourceHttpRequestHandler]
20:06:28.394 logback [Test worker] INFO  o.s.w.s.h.SimpleUrlHandlerMapping - Mapped URL path [/**/favicon.ico] onto handler of type [class org.springframework.web.servlet.resource.ResourceHttpRequestHandler]
20:06:28.532 logback [Test worker] WARN  o.t.templatemode.TemplateMode - [THYMELEAF][Test worker] Template Mode 'HTML5' is deprecated. Using Template Mode 'HTML' instead.
20:06:29.771 logback [Test worker] INFO  c.u.springboot.blog.ApplicationTests - Started ApplicationTests in 21.626 seconds (JVM running for 23.566)
]]></system-out>
  <system-err><![CDATA[]]></system-err>
</testsuite>
