<?xml version="1.0" encoding="UTF-8"?>
<testsuite name="com.usher.springboot.blog.repository.AuthorityRepositoryTest" tests="1" skipped="0" failures="0" errors="0" timestamp="2018-07-09T10:14:45" hostname="DESKTOP-V341JIN" time="0.717">
  <properties/>
  <testcase name="test" classname="com.usher.springboot.blog.repository.AuthorityRepositoryTest" time="0.717"/>
  <system-out><![CDATA[18:14:45.346 logback [Test worker] INFO  o.s.b.t.c.SpringBootTestContextBootstrapper - Neither @ContextConfiguration nor @ContextHierarchy found for test class [com.usher.springboot.blog.repository.AuthorityRepositoryTest], using SpringBootContextLoader
18:14:45.347 logback [Test worker] INFO  o.s.t.c.s.AbstractContextLoader - Could not detect default resource locations for test class [com.usher.springboot.blog.repository.AuthorityRepositoryTest]: no resource found for suffixes {-context.xml, Context.groovy}.
18:14:45.348 logback [Test worker] INFO  o.s.t.c.s.AnnotationConfigContextLoaderUtils - Could not detect default configuration classes for test class [com.usher.springboot.blog.repository.AuthorityRepositoryTest]: AuthorityRepositoryTest does not declare any static, non-private, non-final, nested classes annotated with @Configuration.
18:14:45.418 logback [Test worker] INFO  o.s.b.t.c.SpringBootTestContextBootstrapper - Found @SpringBootConfiguration com.usher.springboot.blog.Application for test class com.usher.springboot.blog.repository.AuthorityRepositoryTest
18:14:45.430 logback [Test worker] INFO  o.s.b.t.c.SpringBootTestContextBootstrapper - Loaded default TestExecutionListener class names from location [META-INF/spring.factories]: [org.springframework.boot.test.mock.mockito.MockitoTestExecutionListener, org.springframework.boot.test.mock.mockito.ResetMocksTestExecutionListener, org.springframework.boot.test.autoconfigure.restdocs.RestDocsTestExecutionListener, org.springframework.boot.test.autoconfigure.web.client.MockRestServiceServerResetTestExecutionListener, org.springframework.boot.test.autoconfigure.web.servlet.MockMvcPrintOnlyOnFailureTestExecutionListener, org.springframework.boot.test.autoconfigure.web.servlet.WebDriverTestExecutionListener, org.springframework.test.context.web.ServletTestExecutionListener, org.springframework.test.context.support.DirtiesContextBeforeModesTestExecutionListener, org.springframework.test.context.support.DependencyInjectionTestExecutionListener, org.springframework.test.context.support.DirtiesContextTestExecutionListener, org.springframework.test.context.transaction.TransactionalTestExecutionListener, org.springframework.test.context.jdbc.SqlScriptsTestExecutionListener]
18:14:45.443 logback [Test worker] INFO  o.s.b.t.c.SpringBootTestContextBootstrapper - Using TestExecutionListeners: [org.springframework.test.context.web.ServletTestExecutionListener@745fb2d5, org.springframework.test.context.support.DirtiesContextBeforeModesTestExecutionListener@5b6f52fd, org.springframework.boot.test.mock.mockito.MockitoTestExecutionListener@3be2513c, org.springframework.boot.test.autoconfigure.SpringBootDependencyInjectionTestExecutionListener@5370bc25, org.springframework.test.context.support.DirtiesContextTestExecutionListener@5ab07584, org.springframework.test.context.transaction.TransactionalTestExecutionListener@7be92c95, org.springframework.test.context.jdbc.SqlScriptsTestExecutionListener@522bf965, org.springframework.boot.test.mock.mockito.ResetMocksTestExecutionListener@4ece691, org.springframework.boot.test.autoconfigure.restdocs.RestDocsTestExecutionListener@5da9bfdd, org.springframework.boot.test.autoconfigure.web.client.MockRestServiceServerResetTestExecutionListener@6f16ad79, org.springframework.boot.test.autoconfigure.web.servlet.MockMvcPrintOnlyOnFailureTestExecutionListener@627b812f, org.springframework.boot.test.autoconfigure.web.servlet.WebDriverTestExecutionListener@1403b9f]
Hibernate: select authority0_.id as id1_0_0_, authority0_.name as name2_0_0_ from authority authority0_ where authority0_.id=?
]]></system-out>
  <system-err><![CDATA[]]></system-err>
</testsuite>
