<?xml version="1.0" encoding="UTF-8"?>
<testsuite name="com.usher.springboot.blog.repository.CatalogRepositoryTest" tests="2" skipped="0" failures="0" errors="0" timestamp="2018-07-09T10:14:46" hostname="DESKTOP-V341JIN" time="0.012">
  <properties/>
  <testcase name="findByUserAndName" classname="com.usher.springboot.blog.repository.CatalogRepositoryTest" time="0.005"/>
  <testcase name="findByUser" classname="com.usher.springboot.blog.repository.CatalogRepositoryTest" time="0.006"/>
  <system-out><![CDATA[18:14:46.172 logback [Test worker] INFO  o.s.b.t.c.SpringBootTestContextBootstrapper - Neither @ContextConfiguration nor @ContextHierarchy found for test class [com.usher.springboot.blog.repository.CatalogRepositoryTest], using SpringBootContextLoader
18:14:46.174 logback [Test worker] INFO  o.s.t.c.s.AbstractContextLoader - Could not detect default resource locations for test class [com.usher.springboot.blog.repository.CatalogRepositoryTest]: no resource found for suffixes {-context.xml, Context.groovy}.
18:14:46.174 logback [Test worker] INFO  o.s.t.c.s.AnnotationConfigContextLoaderUtils - Could not detect default configuration classes for test class [com.usher.springboot.blog.repository.CatalogRepositoryTest]: CatalogRepositoryTest does not declare any static, non-private, non-final, nested classes annotated with @Configuration.
18:14:46.183 logback [Test worker] INFO  o.s.b.t.c.SpringBootTestContextBootstrapper - Found @SpringBootConfiguration com.usher.springboot.blog.Application for test class com.usher.springboot.blog.repository.CatalogRepositoryTest
18:14:46.191 logback [Test worker] INFO  o.s.b.t.c.SpringBootTestContextBootstrapper - Loaded default TestExecutionListener class names from location [META-INF/spring.factories]: [org.springframework.boot.test.mock.mockito.MockitoTestExecutionListener, org.springframework.boot.test.mock.mockito.ResetMocksTestExecutionListener, org.springframework.boot.test.autoconfigure.restdocs.RestDocsTestExecutionListener, org.springframework.boot.test.autoconfigure.web.client.MockRestServiceServerResetTestExecutionListener, org.springframework.boot.test.autoconfigure.web.servlet.MockMvcPrintOnlyOnFailureTestExecutionListener, org.springframework.boot.test.autoconfigure.web.servlet.WebDriverTestExecutionListener, org.springframework.test.context.web.ServletTestExecutionListener, org.springframework.test.context.support.DirtiesContextBeforeModesTestExecutionListener, org.springframework.test.context.support.DependencyInjectionTestExecutionListener, org.springframework.test.context.support.DirtiesContextTestExecutionListener, org.springframework.test.context.transaction.TransactionalTestExecutionListener, org.springframework.test.context.jdbc.SqlScriptsTestExecutionListener]
18:14:46.200 logback [Test worker] INFO  o.s.b.t.c.SpringBootTestContextBootstrapper - Using TestExecutionListeners: [org.springframework.test.context.web.ServletTestExecutionListener@3abe326f, org.springframework.test.context.support.DirtiesContextBeforeModesTestExecutionListener@ae6ce7a, org.springframework.boot.test.mock.mockito.MockitoTestExecutionListener@41970464, org.springframework.boot.test.autoconfigure.SpringBootDependencyInjectionTestExecutionListener@71b65b7e, org.springframework.test.context.support.DirtiesContextTestExecutionListener@3a50326d, org.springframework.test.context.transaction.TransactionalTestExecutionListener@6f9ae43, org.springframework.test.context.jdbc.SqlScriptsTestExecutionListener@7fb42edc, org.springframework.boot.test.mock.mockito.ResetMocksTestExecutionListener@3c1ae7ff, org.springframework.boot.test.autoconfigure.restdocs.RestDocsTestExecutionListener@7e2694b, org.springframework.boot.test.autoconfigure.web.client.MockRestServiceServerResetTestExecutionListener@4c224442, org.springframework.boot.test.autoconfigure.web.servlet.MockMvcPrintOnlyOnFailureTestExecutionListener@123e51d4, org.springframework.boot.test.autoconfigure.web.servlet.WebDriverTestExecutionListener@79706973]
]]></system-out>
  <system-err><![CDATA[]]></system-err>
</testsuite>
