<?xml version="1.0" encoding="UTF-8"?>
<testsuite name="com.usher.springboot.blog.service.impl.AuthorityServiceImplTest" tests="1" skipped="0" failures="0" errors="0" timestamp="2018-07-09T10:14:47" hostname="DESKTOP-V341JIN" time="1.025">
  <properties/>
  <testcase name="getAuthorityById" classname="com.usher.springboot.blog.service.impl.AuthorityServiceImplTest" time="1.025"/>
  <system-out><![CDATA[18:14:47.444 logback [Test worker] INFO  o.s.b.t.c.SpringBootTestContextBootstrapper - Neither @ContextConfiguration nor @ContextHierarchy found for test class [com.usher.springboot.blog.service.impl.AuthorityServiceImplTest], using SpringBootContextLoader
18:14:47.446 logback [Test worker] INFO  o.s.t.c.s.AbstractContextLoader - Could not detect default resource locations for test class [com.usher.springboot.blog.service.impl.AuthorityServiceImplTest]: no resource found for suffixes {-context.xml, Context.groovy}.
18:14:47.446 logback [Test worker] INFO  o.s.t.c.s.AnnotationConfigContextLoaderUtils - Could not detect default configuration classes for test class [com.usher.springboot.blog.service.impl.AuthorityServiceImplTest]: AuthorityServiceImplTest does not declare any static, non-private, non-final, nested classes annotated with @Configuration.
18:14:47.474 logback [Test worker] INFO  o.s.b.t.c.SpringBootTestContextBootstrapper - Found @SpringBootConfiguration com.usher.springboot.blog.Application for test class com.usher.springboot.blog.service.impl.AuthorityServiceImplTest
18:14:47.480 logback [Test worker] INFO  o.s.b.t.c.SpringBootTestContextBootstrapper - Loaded default TestExecutionListener class names from location [META-INF/spring.factories]: [org.springframework.boot.test.mock.mockito.MockitoTestExecutionListener, org.springframework.boot.test.mock.mockito.ResetMocksTestExecutionListener, org.springframework.boot.test.autoconfigure.restdocs.RestDocsTestExecutionListener, org.springframework.boot.test.autoconfigure.web.client.MockRestServiceServerResetTestExecutionListener, org.springframework.boot.test.autoconfigure.web.servlet.MockMvcPrintOnlyOnFailureTestExecutionListener, org.springframework.boot.test.autoconfigure.web.servlet.WebDriverTestExecutionListener, org.springframework.test.context.web.ServletTestExecutionListener, org.springframework.test.context.support.DirtiesContextBeforeModesTestExecutionListener, org.springframework.test.context.support.DependencyInjectionTestExecutionListener, org.springframework.test.context.support.DirtiesContextTestExecutionListener, org.springframework.test.context.transaction.TransactionalTestExecutionListener, org.springframework.test.context.jdbc.SqlScriptsTestExecutionListener]
18:14:47.485 logback [Test worker] INFO  o.s.b.t.c.SpringBootTestContextBootstrapper - Using TestExecutionListeners: [org.springframework.test.context.web.ServletTestExecutionListener@3ba574e1, org.springframework.test.context.support.DirtiesContextBeforeModesTestExecutionListener@7f3913ab, org.springframework.boot.test.mock.mockito.MockitoTestExecutionListener@6b523160, org.springframework.boot.test.autoconfigure.SpringBootDependencyInjectionTestExecutionListener@7c81b316, org.springframework.test.context.support.DirtiesContextTestExecutionListener@6c93c21b, org.springframework.test.context.transaction.TransactionalTestExecutionListener@5b802069, org.springframework.test.context.jdbc.SqlScriptsTestExecutionListener@2123d348, org.springframework.boot.test.mock.mockito.ResetMocksTestExecutionListener@504bdd79, org.springframework.boot.test.autoconfigure.restdocs.RestDocsTestExecutionListener@223a5e71, org.springframework.boot.test.autoconfigure.web.client.MockRestServiceServerResetTestExecutionListener@7863b137, org.springframework.boot.test.autoconfigure.web.servlet.MockMvcPrintOnlyOnFailureTestExecutionListener@476584e0, org.springframework.boot.test.autoconfigure.web.servlet.WebDriverTestExecutionListener@494b3960]
Hibernate: select authority0_.id as id1_0_0_, authority0_.name as name2_0_0_ from authority authority0_ where authority0_.id=?
ROLE_ADMIN
]]></system-out>
  <system-err><![CDATA[]]></system-err>
</testsuite>
