<?xml version="1.0" encoding="UTF-8"?>
<testsuite name="com.usher.springboot.blog.contrller.HelloControllerTest" tests="1" skipped="0" failures="1" errors="0" timestamp="2018-07-09T10:14:45" hostname="DESKTOP-V341JIN" time="0.142">
  <properties/>
  <testcase name="testHello" classname="com.usher.springboot.blog.contrller.HelloControllerTest" time="0.142">
    <failure message="java.lang.AssertionError: Status expected:&lt;200&gt; but was:&lt;404&gt;" type="java.lang.AssertionError">java.lang.AssertionError: Status expected:&lt;200&gt; but was:&lt;404&gt;
	at org.springframework.test.util.AssertionErrors.fail(AssertionErrors.java:54)
	at org.springframework.test.util.AssertionErrors.assertEquals(AssertionErrors.java:81)
	at org.springframework.test.web.servlet.result.StatusResultMatchers$10.match(StatusResultMatchers.java:665)
	at org.springframework.test.web.servlet.MockMvc$1.andExpect(MockMvc.java:164)
	at com.usher.springboot.blog.contrller.HelloControllerTest.testHello(HelloControllerTest.java:31)
	at sun.reflect.NativeMethodAccessorImpl.invoke0(Native Method)
	at sun.reflect.NativeMethodAccessorImpl.invoke(NativeMethodAccessorImpl.java:62)
	at sun.reflect.DelegatingMethodAccessorImpl.invoke(DelegatingMethodAccessorImpl.java:43)
	at java.lang.reflect.Method.invoke(Method.java:498)
	at org.junit.runners.model.FrameworkMethod$1.runReflectiveCall(FrameworkMethod.java:50)
	at org.junit.internal.runners.model.ReflectiveCallable.run(ReflectiveCallable.java:12)
	at org.junit.runners.model.FrameworkMethod.invokeExplosively(FrameworkMethod.java:47)
	at org.junit.internal.runners.statements.InvokeMethod.evaluate(InvokeMethod.java:17)
	at org.springframework.test.context.junit4.statements.RunBeforeTestMethodCallbacks.evaluate(RunBeforeTestMethodCallbacks.java:75)
	at org.springframework.test.context.junit4.statements.RunAfterTestMethodCallbacks.evaluate(RunAfterTestMethodCallbacks.java:86)
	at org.springframework.test.context.junit4.statements.SpringRepeat.evaluate(SpringRepeat.java:84)
	at org.junit.runners.ParentRunner.runLeaf(ParentRunner.java:325)
	at org.springframework.test.context.junit4.SpringJUnit4ClassRunner.runChild(SpringJUnit4ClassRunner.java:252)
	at org.springframework.test.context.junit4.SpringJUnit4ClassRunner.runChild(SpringJUnit4ClassRunner.java:94)
	at org.junit.runners.ParentRunner$3.run(ParentRunner.java:290)
	at org.junit.runners.ParentRunner$1.schedule(ParentRunner.java:71)
	at org.junit.runners.ParentRunner.runChildren(ParentRunner.java:288)
	at org.junit.runners.ParentRunner.access$000(ParentRunner.java:58)
	at org.junit.runners.ParentRunner$2.evaluate(ParentRunner.java:268)
	at org.springframework.test.context.junit4.statements.RunBeforeTestClassCallbacks.evaluate(RunBeforeTestClassCallbacks.java:61)
	at org.springframework.test.context.junit4.statements.RunAfterTestClassCallbacks.evaluate(RunAfterTestClassCallbacks.java:70)
	at org.junit.runners.ParentRunner.run(ParentRunner.java:363)
	at org.springframework.test.context.junit4.SpringJUnit4ClassRunner.run(SpringJUnit4ClassRunner.java:191)
	at org.gradle.api.internal.tasks.testing.junit.JUnitTestClassExecuter.runTestClass(JUnitTestClassExecuter.java:114)
	at org.gradle.api.internal.tasks.testing.junit.JUnitTestClassExecuter.execute(JUnitTestClassExecuter.java:57)
	at org.gradle.api.internal.tasks.testing.junit.JUnitTestClassProcessor.processTestClass(JUnitTestClassProcessor.java:66)
	at org.gradle.api.internal.tasks.testing.SuiteTestClassProcessor.processTestClass(SuiteTestClassProcessor.java:51)
	at sun.reflect.NativeMethodAccessorImpl.invoke0(Native Method)
	at sun.reflect.NativeMethodAccessorImpl.invoke(NativeMethodAccessorImpl.java:62)
	at sun.reflect.DelegatingMethodAccessorImpl.invoke(DelegatingMethodAccessorImpl.java:43)
	at java.lang.reflect.Method.invoke(Method.java:498)
	at org.gradle.internal.dispatch.ReflectionDispatch.dispatch(ReflectionDispatch.java:35)
	at org.gradle.internal.dispatch.ReflectionDispatch.dispatch(ReflectionDispatch.java:24)
	at org.gradle.internal.dispatch.ContextClassLoaderDispatch.dispatch(ContextClassLoaderDispatch.java:32)
	at org.gradle.internal.dispatch.ProxyDispatchAdapter$DispatchingInvocationHandler.invoke(ProxyDispatchAdapter.java:93)
	at com.sun.proxy.$Proxy3.processTestClass(Unknown Source)
	at org.gradle.api.internal.tasks.testing.worker.TestWorker.processTestClass(TestWorker.java:109)
	at sun.reflect.NativeMethodAccessorImpl.invoke0(Native Method)
	at sun.reflect.NativeMethodAccessorImpl.invoke(NativeMethodAccessorImpl.java:62)
	at sun.reflect.DelegatingMethodAccessorImpl.invoke(DelegatingMethodAccessorImpl.java:43)
	at java.lang.reflect.Method.invoke(Method.java:498)
	at org.gradle.internal.dispatch.ReflectionDispatch.dispatch(ReflectionDispatch.java:35)
	at org.gradle.internal.dispatch.ReflectionDispatch.dispatch(ReflectionDispatch.java:24)
	at org.gradle.internal.remote.internal.hub.MessageHubBackedObjectConnection$DispatchWrapper.dispatch(MessageHubBackedObjectConnection.java:147)
	at org.gradle.internal.remote.internal.hub.MessageHubBackedObjectConnection$DispatchWrapper.dispatch(MessageHubBackedObjectConnection.java:129)
	at org.gradle.internal.remote.internal.hub.MessageHub$Handler.run(MessageHub.java:404)
	at org.gradle.internal.concurrent.ExecutorPolicy$CatchAndRecordFailures.onExecute(ExecutorPolicy.java:63)
	at org.gradle.internal.concurrent.StoppableExecutorImpl$1.run(StoppableExecutorImpl.java:46)
	at java.util.concurrent.ThreadPoolExecutor.runWorker(ThreadPoolExecutor.java:1149)
	at java.util.concurrent.ThreadPoolExecutor$Worker.run(ThreadPoolExecutor.java:624)
	at java.lang.Thread.run(Thread.java:748)
</failure>
  </testcase>
  <system-out><![CDATA[18:14:32.463 logback [Test worker] INFO  o.s.b.t.c.SpringBootTestContextBootstrapper - Neither @ContextConfiguration nor @ContextHierarchy found for test class [com.usher.springboot.blog.contrller.HelloControllerTest], using SpringBootContextLoader
18:14:32.466 logback [Test worker] INFO  o.s.t.c.s.AbstractContextLoader - Could not detect default resource locations for test class [com.usher.springboot.blog.contrller.HelloControllerTest]: no resource found for suffixes {-context.xml, Context.groovy}.
18:14:32.489 logback [Test worker] INFO  o.s.t.c.s.AnnotationConfigContextLoaderUtils - Could not detect default configuration classes for test class [com.usher.springboot.blog.contrller.HelloControllerTest]: HelloControllerTest does not declare any static, non-private, non-final, nested classes annotated with @Configuration.
18:14:32.587 logback [Test worker] INFO  o.s.b.t.c.SpringBootTestContextBootstrapper - Found @SpringBootConfiguration com.usher.springboot.blog.Application for test class com.usher.springboot.blog.contrller.HelloControllerTest
18:14:32.596 logback [Test worker] INFO  o.s.b.t.c.SpringBootTestContextBootstrapper - Loaded default TestExecutionListener class names from location [META-INF/spring.factories]: [org.springframework.boot.test.mock.mockito.MockitoTestExecutionListener, org.springframework.boot.test.mock.mockito.ResetMocksTestExecutionListener, org.springframework.boot.test.autoconfigure.restdocs.RestDocsTestExecutionListener, org.springframework.boot.test.autoconfigure.web.client.MockRestServiceServerResetTestExecutionListener, org.springframework.boot.test.autoconfigure.web.servlet.MockMvcPrintOnlyOnFailureTestExecutionListener, org.springframework.boot.test.autoconfigure.web.servlet.WebDriverTestExecutionListener, org.springframework.test.context.web.ServletTestExecutionListener, org.springframework.test.context.support.DirtiesContextBeforeModesTestExecutionListener, org.springframework.test.context.support.DependencyInjectionTestExecutionListener, org.springframework.test.context.support.DirtiesContextTestExecutionListener, org.springframework.test.context.transaction.TransactionalTestExecutionListener, org.springframework.test.context.jdbc.SqlScriptsTestExecutionListener]
18:14:32.608 logback [Test worker] INFO  o.s.b.t.c.SpringBootTestContextBootstrapper - Using TestExecutionListeners: [org.springframework.test.context.web.ServletTestExecutionListener@4ffe87ef, org.springframework.test.context.support.DirtiesContextBeforeModesTestExecutionListener@75999de0, org.springframework.boot.test.mock.mockito.MockitoTestExecutionListener@784cf2f8, org.springframework.boot.test.autoconfigure.SpringBootDependencyInjectionTestExecutionListener@5706655a, org.springframework.test.context.support.DirtiesContextTestExecutionListener@6cfc51aa, org.springframework.test.context.transaction.TransactionalTestExecutionListener@5533b748, org.springframework.test.context.jdbc.SqlScriptsTestExecutionListener@4a774424, org.springframework.boot.test.mock.mockito.ResetMocksTestExecutionListener@2e3fd485, org.springframework.boot.test.autoconfigure.restdocs.RestDocsTestExecutionListener@20c0a1e9, org.springframework.boot.test.autoconfigure.web.client.MockRestServiceServerResetTestExecutionListener@6801cb4e, org.springframework.boot.test.autoconfigure.web.servlet.MockMvcPrintOnlyOnFailureTestExecutionListener@18a7e40e, org.springframework.boot.test.autoconfigure.web.servlet.WebDriverTestExecutionListener@48ec8063]

  .   ____          _            __ _ _
 /\\ / ___'_ __ _ _(_)_ __  __ _ \ \ \ \
( ( )\___ | '_ | '_| | '_ \/ _` | \ \ \ \
 \\/  ___)| |_)| | | | | || (_| |  ) ) ) )
  '  |____| .__|_| |_|_| |_\__, | / / / /
 =========|_|==============|___/=/_/_/_/
 :: Spring Boot ::       (v1.5.14.RELEASE)

18:14:32.952 logback [Test worker] INFO  c.u.s.b.c.HelloControllerTest - Starting HelloControllerTest on DESKTOP-V341JIN with PID 21164 (started by 24219 in D:\blog-prototype)
18:14:32.953 logback [Test worker] INFO  c.u.s.b.c.HelloControllerTest - No active profile set, falling back to default profiles: default
18:14:33.003 logback [Test worker] INFO  o.s.w.c.s.GenericWebApplicationContext - Refreshing org.springframework.web.context.support.GenericWebApplicationContext@2b81e211: startup date [Mon Jul 09 18:14:33 CST 2018]; root of context hierarchy
18:14:34.180 logback [Test worker] INFO  o.s.d.r.c.RepositoryConfigurationDelegate - Multiple Spring Data modules found, entering strict repository configuration mode!
18:14:34.364 logback [Test worker] INFO  o.s.d.r.c.RepositoryConfigurationExtensionSupport - Spring Data Elasticsearch - Could not safely identify store assignment for repository candidate interface com.usher.springboot.blog.repository.CatalogRepository.
18:14:34.365 logback [Test worker] INFO  o.s.d.r.c.RepositoryConfigurationExtensionSupport - Spring Data Elasticsearch - Could not safely identify store assignment for repository candidate interface com.usher.springboot.blog.repository.VoteRepository.
18:14:34.369 logback [Test worker] INFO  o.s.d.r.c.RepositoryConfigurationExtensionSupport - Spring Data Elasticsearch - Could not safely identify store assignment for repository candidate interface com.usher.springboot.blog.repository.AuthorityRepository.
18:14:34.370 logback [Test worker] INFO  o.s.d.r.c.RepositoryConfigurationExtensionSupport - Spring Data Elasticsearch - Could not safely identify store assignment for repository candidate interface com.usher.springboot.blog.repository.CommentRepository.
18:14:34.371 logback [Test worker] INFO  o.s.d.r.c.RepositoryConfigurationExtensionSupport - Spring Data Elasticsearch - Could not safely identify store assignment for repository candidate interface com.usher.springboot.blog.repository.UserRepository.
18:14:34.405 logback [Test worker] INFO  o.s.d.r.c.RepositoryConfigurationDelegate - Multiple Spring Data modules found, entering strict repository configuration mode!
18:14:34.530 logback [Test worker] INFO  o.s.d.r.c.RepositoryConfigurationExtensionSupport - Spring Data JPA - Could not safely identify store assignment for repository candidate interface com.usher.springboot.blog.repository.es.EsBlogRepository.
18:14:34.610 logback [Test worker] INFO  o.s.b.f.s.DefaultListableBeanFactory - Overriding bean definition for bean 'blogRepository' with a different definition: replacing [Root bean: class [org.springframework.data.elasticsearch.repository.support.ElasticsearchRepositoryFactoryBean]; scope=; abstract=false; lazyInit=false; autowireMode=0; dependencyCheck=0; autowireCandidate=true; primary=false; factoryBeanName=null; factoryMethodName=null; initMethodName=null; destroyMethodName=null] with [Root bean: class [org.springframework.data.jpa.repository.support.JpaRepositoryFactoryBean]; scope=; abstract=false; lazyInit=false; autowireMode=0; dependencyCheck=0; autowireCandidate=true; primary=false; factoryBeanName=null; factoryMethodName=null; initMethodName=null; destroyMethodName=null]
18:14:35.092 logback [Test worker] INFO  o.s.c.s.PostProcessorRegistrationDelegate$BeanPostProcessorChecker - Bean 'org.springframework.transaction.annotation.ProxyTransactionManagementConfiguration' of type [org.springframework.transaction.annotation.ProxyTransactionManagementConfiguration$$EnhancerBySpringCGLIB$$45515ac4] is not eligible for getting processed by all BeanPostProcessors (for example: not eligible for auto-proxying)
18:14:35.189 logback [Test worker] INFO  o.s.c.s.PostProcessorRegistrationDelegate$BeanPostProcessorChecker - Bean 'org.springframework.security.config.annotation.configuration.ObjectPostProcessorConfiguration' of type [org.springframework.security.config.annotation.configuration.ObjectPostProcessorConfiguration$$EnhancerBySpringCGLIB$$ddff22fe] is not eligible for getting processed by all BeanPostProcessors (for example: not eligible for auto-proxying)
18:14:35.199 logback [Test worker] INFO  o.s.c.s.PostProcessorRegistrationDelegate$BeanPostProcessorChecker - Bean 'objectPostProcessor' of type [org.springframework.security.config.annotation.configuration.AutowireBeanFactoryObjectPostProcessor] is not eligible for getting processed by all BeanPostProcessors (for example: not eligible for auto-proxying)
18:14:35.199 logback [Test worker] INFO  o.s.c.s.PostProcessorRegistrationDelegate$BeanPostProcessorChecker - Bean 'org.springframework.security.access.expression.method.DefaultMethodSecurityExpressionHandler@38685719' of type [org.springframework.security.access.expression.method.DefaultMethodSecurityExpressionHandler] is not eligible for getting processed by all BeanPostProcessors (for example: not eligible for auto-proxying)
18:14:35.249 logback [Test worker] INFO  o.s.c.s.PostProcessorRegistrationDelegate$BeanPostProcessorChecker - Bean 'org.springframework.security.config.annotation.method.configuration.GlobalMethodSecurityConfiguration' of type [org.springframework.security.config.annotation.method.configuration.GlobalMethodSecurityConfiguration$$EnhancerBySpringCGLIB$$2d3c5b0] is not eligible for getting processed by all BeanPostProcessors (for example: not eligible for auto-proxying)
18:14:35.262 logback [Test worker] INFO  o.s.c.s.PostProcessorRegistrationDelegate$BeanPostProcessorChecker - Bean 'methodSecurityMetadataSource' of type [org.springframework.security.access.method.DelegatingMethodSecurityMetadataSource] is not eligible for getting processed by all BeanPostProcessors (for example: not eligible for auto-proxying)
18:14:40.912 logback [Test worker] INFO  o.s.o.j.LocalContainerEntityManagerFactoryBean - Building JPA container EntityManagerFactory for persistence unit 'default'
18:14:40.913 logback [Test worker] INFO  o.h.jpa.internal.util.LogHelper - HHH000204: Processing PersistenceUnitInfo [
	name: default
	...]
18:14:40.928 logback [Test worker] INFO  org.hibernate.dialect.Dialect - HHH000400: Using dialect: org.hibernate.dialect.MySQL5Dialect
18:14:41.018 logback [Test worker] INFO  o.s.o.j.LocalContainerEntityManagerFactoryBean - Initialized JPA EntityManagerFactory for persistence unit 'default'
18:14:41.554 logback [Test worker] INFO  org.elasticsearch.plugins - [Kick-Ass] modules [], plugins [], sites []
18:14:41.594 logback [Test worker] INFO  o.s.d.e.c.TransportClientFactoryBean - adding transport node : 116.196.113.135:9301
18:14:41.920 logback [Test worker] ERROR o.s.d.e.r.s.AbstractElasticsearchRepository - failed to load elasticsearch nodes : org.elasticsearch.index.mapper.MapperParsingException: No type specified for field [blogId]
18:14:42.327 logback [Test worker] INFO  o.s.s.web.DefaultSecurityFilterChain - Creating filter chain: org.springframework.security.web.util.matcher.AnyRequestMatcher@1, [org.springframework.security.web.context.request.async.WebAsyncManagerIntegrationFilter@154a47e1, org.springframework.security.web.context.SecurityContextPersistenceFilter@2f9066a0, org.springframework.security.web.header.HeaderWriterFilter@25fcd314, org.springframework.security.web.csrf.CsrfFilter@6a040888, org.springframework.security.web.authentication.logout.LogoutFilter@29261bd5, org.springframework.security.web.authentication.UsernamePasswordAuthenticationFilter@7e929125, org.springframework.security.web.savedrequest.RequestCacheAwareFilter@5c3bf26f, org.springframework.security.web.servletapi.SecurityContextHolderAwareRequestFilter@1f9cee8f, org.springframework.security.web.authentication.rememberme.RememberMeAuthenticationFilter@34fa12bb, org.springframework.security.web.authentication.AnonymousAuthenticationFilter@5d4027db, org.springframework.security.web.session.SessionManagementFilter@651a72c3, org.springframework.security.web.access.ExceptionTranslationFilter@6c93e974, org.springframework.security.web.access.intercept.FilterSecurityInterceptor@7587b8b3]
18:14:42.920 logback [Test worker] INFO  o.s.b.t.m.w.SpringBootMockServletContext - Initializing Spring FrameworkServlet ''
18:14:42.920 logback [Test worker] INFO  o.s.t.w.s.TestDispatcherServlet - FrameworkServlet '': initialization started
18:14:43.047 logback [Test worker] INFO  o.s.w.s.m.m.a.RequestMappingHandlerMapping - Mapped "{[/admins],methods=[GET]}" onto public org.springframework.web.servlet.ModelAndView com.usher.springboot.blog.controller.AdminController.listUsers(org.springframework.ui.Model)
18:14:43.050 logback [Test worker] INFO  o.s.w.s.m.m.a.RequestMappingHandlerMapping - Mapped "{[/blogs],methods=[GET]}" onto public java.lang.String com.usher.springboot.blog.controller.BlogController.listEsBlogs(java.lang.String,java.lang.String,boolean,int,int,org.springframework.ui.Model)
18:14:43.051 logback [Test worker] INFO  o.s.w.s.m.m.a.RequestMappingHandlerMapping - Mapped "{[/blogs/newest],methods=[GET]}" onto public java.lang.String com.usher.springboot.blog.controller.BlogController.listNewestEsBlogs(org.springframework.ui.Model)
18:14:43.052 logback [Test worker] INFO  o.s.w.s.m.m.a.RequestMappingHandlerMapping - Mapped "{[/blogs/hotest],methods=[GET]}" onto public java.lang.String com.usher.springboot.blog.controller.BlogController.listHotestEsBlogs(org.springframework.ui.Model)
18:14:43.056 logback [Test worker] INFO  o.s.w.s.m.m.a.RequestMappingHandlerMapping - Mapped "{[/catalogs/{id}],methods=[DELETE]}" onto public org.springframework.http.ResponseEntity<com.usher.springboot.blog.vo.ResponseVO> com.usher.springboot.blog.controller.CatalogController.delete(java.lang.String,java.lang.Long)
18:14:43.070 logback [Test worker] INFO  o.s.w.s.m.m.a.RequestMappingHandlerMapping - Mapped "{[/catalogs],methods=[POST]}" onto public org.springframework.http.ResponseEntity<com.usher.springboot.blog.vo.ResponseVO> com.usher.springboot.blog.controller.CatalogController.create(com.usher.springboot.blog.vo.CatalogVO)
18:14:43.071 logback [Test worker] INFO  o.s.w.s.m.m.a.RequestMappingHandlerMapping - Mapped "{[/catalogs/edit],methods=[GET]}" onto public java.lang.String com.usher.springboot.blog.controller.CatalogController.getCatalogEdit(org.springframework.ui.Model)
18:14:43.072 logback [Test worker] INFO  o.s.w.s.m.m.a.RequestMappingHandlerMapping - Mapped "{[/catalogs/edit/{id}],methods=[GET]}" onto public java.lang.String com.usher.springboot.blog.controller.CatalogController.getCatalogById(java.lang.Long,org.springframework.ui.Model)
18:14:43.072 logback [Test worker] INFO  o.s.w.s.m.m.a.RequestMappingHandlerMapping - Mapped "{[/catalogs],methods=[GET]}" onto public java.lang.String com.usher.springboot.blog.controller.CatalogController.listComments(java.lang.String,org.springframework.ui.Model)
18:14:43.074 logback [Test worker] INFO  o.s.w.s.m.m.a.RequestMappingHandlerMapping - Mapped "{[/comments/{id}],methods=[DELETE]}" onto public org.springframework.http.ResponseEntity<com.usher.springboot.blog.vo.ResponseVO> com.usher.springboot.blog.controller.CommentController.delete(java.lang.Long,java.lang.Long)
18:14:43.074 logback [Test worker] INFO  o.s.w.s.m.m.a.RequestMappingHandlerMapping - Mapped "{[/comments],methods=[GET]}" onto public java.lang.String com.usher.springboot.blog.controller.CommentController.listComments(java.lang.Long,org.springframework.ui.Model)
18:14:43.076 logback [Test worker] INFO  o.s.w.s.m.m.a.RequestMappingHandlerMapping - Mapped "{[/comments],methods=[POST]}" onto public org.springframework.http.ResponseEntity<com.usher.springboot.blog.vo.ResponseVO> com.usher.springboot.blog.controller.CommentController.createComment(java.lang.Long,java.lang.String)
18:14:43.077 logback [Test worker] INFO  o.s.w.s.m.m.a.RequestMappingHandlerMapping - Mapped "{[/docker],methods=[GET]}" onto public java.lang.String com.usher.springboot.blog.controller.DockerController.dockerTest()
18:14:43.080 logback [Test worker] INFO  o.s.w.s.m.m.a.RequestMappingHandlerMapping - Mapped "{[/index],methods=[GET]}" onto public java.lang.String com.usher.springboot.blog.controller.MainController.index()
18:14:43.081 logback [Test worker] INFO  o.s.w.s.m.m.a.RequestMappingHandlerMapping - Mapped "{[/register],methods=[GET]}" onto public java.lang.String com.usher.springboot.blog.controller.MainController.register()
18:14:43.082 logback [Test worker] INFO  o.s.w.s.m.m.a.RequestMappingHandlerMapping - Mapped "{[/],methods=[GET]}" onto public java.lang.String com.usher.springboot.blog.controller.MainController.root()
18:14:43.083 logback [Test worker] INFO  o.s.w.s.m.m.a.RequestMappingHandlerMapping - Mapped "{[/search],methods=[GET]}" onto public java.lang.String com.usher.springboot.blog.controller.MainController.search()
18:14:43.083 logback [Test worker] INFO  o.s.w.s.m.m.a.RequestMappingHandlerMapping - Mapped "{[/login-error],methods=[GET]}" onto public java.lang.String com.usher.springboot.blog.controller.MainController.loginError(org.springframework.ui.Model)
18:14:43.084 logback [Test worker] INFO  o.s.w.s.m.m.a.RequestMappingHandlerMapping - Mapped "{[/register],methods=[POST]}" onto public java.lang.String com.usher.springboot.blog.controller.MainController.registerUser(com.usher.springboot.blog.entities.User)
18:14:43.085 logback [Test worker] INFO  o.s.w.s.m.m.a.RequestMappingHandlerMapping - Mapped "{[/login],methods=[GET]}" onto public java.lang.String com.usher.springboot.blog.controller.MainController.login()
18:14:43.087 logback [Test worker] INFO  o.s.w.s.m.m.a.RequestMappingHandlerMapping - Mapped "{[/users/{id}],methods=[DELETE]}" onto public org.springframework.http.ResponseEntity<com.usher.springboot.blog.vo.ResponseVO> com.usher.springboot.blog.controller.UserController.delete(java.lang.Long,org.springframework.ui.Model)
18:14:43.088 logback [Test worker] INFO  o.s.w.s.m.m.a.RequestMappingHandlerMapping - Mapped "{[/users],methods=[POST]}" onto public org.springframework.http.ResponseEntity<com.usher.springboot.blog.vo.ResponseVO> com.usher.springboot.blog.controller.UserController.create(com.usher.springboot.blog.entities.User,java.lang.Long)
18:14:43.089 logback [Test worker] INFO  o.s.w.s.m.m.a.RequestMappingHandlerMapping - Mapped "{[/users],methods=[GET]}" onto public org.springframework.web.servlet.ModelAndView com.usher.springboot.blog.controller.UserController.list(boolean,int,int,java.lang.String,org.springframework.ui.Model)
18:14:43.090 logback [Test worker] INFO  o.s.w.s.m.m.a.RequestMappingHandlerMapping - Mapped "{[/users/add],methods=[GET]}" onto public org.springframework.web.servlet.ModelAndView com.usher.springboot.blog.controller.UserController.createForm(org.springframework.ui.Model)
18:14:43.091 logback [Test worker] INFO  o.s.w.s.m.m.a.RequestMappingHandlerMapping - Mapped "{[/users/edit/{id}],methods=[GET]}" onto public org.springframework.web.servlet.ModelAndView com.usher.springboot.blog.controller.UserController.modifyForm(java.lang.Long,org.springframework.ui.Model)
18:14:43.097 logback [Test worker] INFO  o.s.w.s.m.m.a.RequestMappingHandlerMapping - Mapped "{[/u/{username}/profile],methods=[GET]}" onto public org.springframework.web.servlet.ModelAndView com.usher.springboot.blog.controller.UserspaceController.profile(java.lang.String,org.springframework.ui.Model)
18:14:43.098 logback [Test worker] INFO  o.s.w.s.m.m.a.RequestMappingHandlerMapping - Mapped "{[/u/{username}/blogs],methods=[GET]}" onto public java.lang.String com.usher.springboot.blog.controller.UserspaceController.listBlogsByOrder(java.lang.String,java.lang.String,java.lang.Long,java.lang.String,boolean,int,int,org.springframework.ui.Model)
18:14:43.099 logback [Test worker] INFO  o.s.w.s.m.m.a.RequestMappingHandlerMapping - Mapped "{[/u/{username}/blogs/edit],methods=[GET]}" onto public org.springframework.web.servlet.ModelAndView com.usher.springboot.blog.controller.UserspaceController.createBlog(java.lang.String,org.springframework.ui.Model)
18:14:43.099 logback [Test worker] INFO  o.s.w.s.m.m.a.RequestMappingHandlerMapping - Mapped "{[/u/{username}/blogs/{id}],methods=[DELETE]}" onto public org.springframework.http.ResponseEntity<com.usher.springboot.blog.vo.ResponseVO> com.usher.springboot.blog.controller.UserspaceController.deleteBlog(java.lang.String,java.lang.Long)
18:14:43.100 logback [Test worker] INFO  o.s.w.s.m.m.a.RequestMappingHandlerMapping - Mapped "{[/u/{username}/blogs/edit/{id}],methods=[GET]}" onto public org.springframework.web.servlet.ModelAndView com.usher.springboot.blog.controller.UserspaceController.editBlog(java.lang.String,java.lang.Long,org.springframework.ui.Model)
18:14:43.102 logback [Test worker] INFO  o.s.w.s.m.m.a.RequestMappingHandlerMapping - Mapped "{[/u/{username}/blogs/edit],methods=[POST]}" onto public org.springframework.http.ResponseEntity<com.usher.springboot.blog.vo.ResponseVO> com.usher.springboot.blog.controller.UserspaceController.saveBlog(java.lang.String,com.usher.springboot.blog.entities.Blog)
18:14:43.103 logback [Test worker] INFO  o.s.w.s.m.m.a.RequestMappingHandlerMapping - Mapped "{[/u/{username}/blogs/{id}],methods=[GET]}" onto public java.lang.String com.usher.springboot.blog.controller.UserspaceController.getBlogById(java.lang.String,java.lang.Long,org.springframework.ui.Model)
18:14:43.103 logback [Test worker] INFO  o.s.w.s.m.m.a.RequestMappingHandlerMapping - Mapped "{[/u/{username}],methods=[GET]}" onto public java.lang.String com.usher.springboot.blog.controller.UserspaceController.userSpace(java.lang.String,org.springframework.ui.Model)
18:14:43.105 logback [Test worker] INFO  o.s.w.s.m.m.a.RequestMappingHandlerMapping - Mapped "{[/u/{username}/profile],methods=[POST]}" onto public java.lang.String com.usher.springboot.blog.controller.UserspaceController.saveProfile(java.lang.String,com.usher.springboot.blog.entities.User)
18:14:43.106 logback [Test worker] INFO  o.s.w.s.m.m.a.RequestMappingHandlerMapping - Mapped "{[/u/{username}/avatar],methods=[GET]}" onto public org.springframework.web.servlet.ModelAndView com.usher.springboot.blog.controller.UserspaceController.avatar(java.lang.String,org.springframework.ui.Model)
18:14:43.107 logback [Test worker] INFO  o.s.w.s.m.m.a.RequestMappingHandlerMapping - Mapped "{[/u/{username}/avatar],methods=[POST]}" onto public org.springframework.http.ResponseEntity<com.usher.springboot.blog.vo.ResponseVO> com.usher.springboot.blog.controller.UserspaceController.saveAvatar(java.lang.String,com.usher.springboot.blog.entities.User)
18:14:43.112 logback [Test worker] INFO  o.s.w.s.m.m.a.RequestMappingHandlerMapping - Mapped "{[/votes/{id}],methods=[DELETE]}" onto public org.springframework.http.ResponseEntity<com.usher.springboot.blog.vo.ResponseVO> com.usher.springboot.blog.controller.VoteController.delete(java.lang.Long,java.lang.Long)
18:14:43.113 logback [Test worker] INFO  o.s.w.s.m.m.a.RequestMappingHandlerMapping - Mapped "{[/votes],methods=[POST]}" onto public org.springframework.http.ResponseEntity<com.usher.springboot.blog.vo.ResponseVO> com.usher.springboot.blog.controller.VoteController.createVote(java.lang.Long)
18:14:43.117 logback [Test worker] INFO  o.s.w.s.m.m.a.RequestMappingHandlerMapping - Mapped "{[/error]}" onto public org.springframework.http.ResponseEntity<java.util.Map<java.lang.String, java.lang.Object>> org.springframework.boot.autoconfigure.web.BasicErrorController.error(javax.servlet.http.HttpServletRequest)
18:14:43.118 logback [Test worker] INFO  o.s.w.s.m.m.a.RequestMappingHandlerMapping - Mapped "{[/error],produces=[text/html]}" onto public org.springframework.web.servlet.ModelAndView org.springframework.boot.autoconfigure.web.BasicErrorController.errorHtml(javax.servlet.http.HttpServletRequest,javax.servlet.http.HttpServletResponse)
18:14:43.305 logback [Test worker] INFO  o.s.w.s.h.SimpleUrlHandlerMapping - Mapped URL path [/webjars/**] onto handler of type [class org.springframework.web.servlet.resource.ResourceHttpRequestHandler]
18:14:43.306 logback [Test worker] INFO  o.s.w.s.h.SimpleUrlHandlerMapping - Mapped URL path [/**] onto handler of type [class org.springframework.web.servlet.resource.ResourceHttpRequestHandler]
18:14:43.409 logback [Test worker] INFO  o.s.w.s.h.SimpleUrlHandlerMapping - Mapped URL path [/**/favicon.ico] onto handler of type [class org.springframework.web.servlet.resource.ResourceHttpRequestHandler]
18:14:43.878 logback [Test worker] INFO  o.s.w.s.m.m.a.RequestMappingHandlerAdapter - Looking for @ControllerAdvice: org.springframework.web.context.support.GenericWebApplicationContext@2b81e211: startup date [Mon Jul 09 18:14:33 CST 2018]; root of context hierarchy
18:14:44.167 logback [Test worker] WARN  o.t.templatemode.TemplateMode - [THYMELEAF][Test worker] Template Mode 'HTML5' is deprecated. Using Template Mode 'HTML' instead.
18:14:44.343 logback [Test worker] INFO  o.s.t.w.s.TestDispatcherServlet - FrameworkServlet '': initialization completed in 1423 ms
18:14:45.197 logback [Test worker] INFO  c.u.s.b.c.HelloControllerTest - Started HelloControllerTest in 12.493 seconds (JVM running for 43.356)

MockHttpServletRequest:
      HTTP Method = GET
      Request URI = /hello
       Parameters = {}
          Headers = {Accept=[application/json]}

Handler:
             Type = org.springframework.web.servlet.resource.ResourceHttpRequestHandler

Async:
    Async started = false
     Async result = null

Resolved Exception:
             Type = null

ModelAndView:
        View name = null
             View = null
            Model = null

FlashMap:
       Attributes = null

MockHttpServletResponse:
           Status = 404
    Error message = null
          Headers = {X-Content-Type-Options=[nosniff], X-XSS-Protection=[1; mode=block], Cache-Control=[no-cache, no-store, max-age=0, must-revalidate], Pragma=[no-cache], Expires=[0], X-Frame-Options=[SAMEORIGIN]}
     Content type = null
             Body = 
    Forwarded URL = null
   Redirected URL = null
          Cookies = []
]]></system-out>
  <system-err><![CDATA[]]></system-err>
</testsuite>
