<?xml version="1.0" encoding="UTF-8"?>
<testsuite name="com.usher.springboot.blog.service.impl.BlogServiceImplTest" tests="7" skipped="0" failures="0" errors="0" timestamp="2018-07-09T10:14:48" hostname="DESKTOP-V341JIN" time="1.417">
  <properties/>
  <testcase name="saveBlog" classname="com.usher.springboot.blog.service.impl.BlogServiceImplTest" time="0.003"/>
  <testcase name="listBlogsByTitleLikeAndSort" classname="com.usher.springboot.blog.service.impl.BlogServiceImplTest" time="0.003"/>
  <testcase name="updateBlog" classname="com.usher.springboot.blog.service.impl.BlogServiceImplTest" time="0.004"/>
  <testcase name="listBlogsByTitleLike" classname="com.usher.springboot.blog.service.impl.BlogServiceImplTest" time="0.005"/>
  <testcase name="readingIncrease" classname="com.usher.springboot.blog.service.impl.BlogServiceImplTest" time="1.007"/>
  <testcase name="removeBlog" classname="com.usher.springboot.blog.service.impl.BlogServiceImplTest" time="0.003"/>
  <testcase name="getBlogById" classname="com.usher.springboot.blog.service.impl.BlogServiceImplTest" time="0.388"/>
  <system-out><![CDATA[18:14:48.515 logback [Test worker] INFO  o.s.b.t.c.SpringBootTestContextBootstrapper - Neither @ContextConfiguration nor @ContextHierarchy found for test class [com.usher.springboot.blog.service.impl.BlogServiceImplTest], using SpringBootContextLoader
18:14:48.516 logback [Test worker] INFO  o.s.t.c.s.AbstractContextLoader - Could not detect default resource locations for test class [com.usher.springboot.blog.service.impl.BlogServiceImplTest]: no resource found for suffixes {-context.xml, Context.groovy}.
18:14:48.516 logback [Test worker] INFO  o.s.t.c.s.AnnotationConfigContextLoaderUtils - Could not detect default configuration classes for test class [com.usher.springboot.blog.service.impl.BlogServiceImplTest]: BlogServiceImplTest does not declare any static, non-private, non-final, nested classes annotated with @Configuration.
18:14:48.521 logback [Test worker] INFO  o.s.b.t.c.SpringBootTestContextBootstrapper - Found @SpringBootConfiguration com.usher.springboot.blog.Application for test class com.usher.springboot.blog.service.impl.BlogServiceImplTest
18:14:48.528 logback [Test worker] INFO  o.s.b.t.c.SpringBootTestContextBootstrapper - Loaded default TestExecutionListener class names from location [META-INF/spring.factories]: [org.springframework.boot.test.mock.mockito.MockitoTestExecutionListener, org.springframework.boot.test.mock.mockito.ResetMocksTestExecutionListener, org.springframework.boot.test.autoconfigure.restdocs.RestDocsTestExecutionListener, org.springframework.boot.test.autoconfigure.web.client.MockRestServiceServerResetTestExecutionListener, org.springframework.boot.test.autoconfigure.web.servlet.MockMvcPrintOnlyOnFailureTestExecutionListener, org.springframework.boot.test.autoconfigure.web.servlet.WebDriverTestExecutionListener, org.springframework.test.context.web.ServletTestExecutionListener, org.springframework.test.context.support.DirtiesContextBeforeModesTestExecutionListener, org.springframework.test.context.support.DependencyInjectionTestExecutionListener, org.springframework.test.context.support.DirtiesContextTestExecutionListener, org.springframework.test.context.transaction.TransactionalTestExecutionListener, org.springframework.test.context.jdbc.SqlScriptsTestExecutionListener]
18:14:48.532 logback [Test worker] INFO  o.s.b.t.c.SpringBootTestContextBootstrapper - Using TestExecutionListeners: [org.springframework.test.context.web.ServletTestExecutionListener@63e85338, org.springframework.test.context.support.DirtiesContextBeforeModesTestExecutionListener@a2ac4bf, org.springframework.boot.test.mock.mockito.MockitoTestExecutionListener@3ddc50a3, org.springframework.boot.test.autoconfigure.SpringBootDependencyInjectionTestExecutionListener@601ad021, org.springframework.test.context.support.DirtiesContextTestExecutionListener@414a2e89, org.springframework.test.context.transaction.TransactionalTestExecutionListener@1d190523, org.springframework.test.context.jdbc.SqlScriptsTestExecutionListener@429f076b, org.springframework.boot.test.mock.mockito.ResetMocksTestExecutionListener@74324cc1, org.springframework.boot.test.autoconfigure.restdocs.RestDocsTestExecutionListener@649c1aa8, org.springframework.boot.test.autoconfigure.web.client.MockRestServiceServerResetTestExecutionListener@31f92b05, org.springframework.boot.test.autoconfigure.web.servlet.MockMvcPrintOnlyOnFailureTestExecutionListener@be7c60e, org.springframework.boot.test.autoconfigure.web.servlet.WebDriverTestExecutionListener@6d55d7f7]
Hibernate: select blog0_.id as id1_1_0_, blog0_.catalog_id as catalog11_1_0_, blog0_.comment_size as comment_2_1_0_, blog0_.content as content3_1_0_, blog0_.create_time as create_t4_1_0_, blog0_.html_content as html_con5_1_0_, blog0_.read_size as read_siz6_1_0_, blog0_.summary as summary7_1_0_, blog0_.tags as tags8_1_0_, blog0_.title as title9_1_0_, blog0_.user_id as user_id12_1_0_, blog0_.vote_size as vote_si10_1_0_, comments1_.blog_id as blog_id1_2_1_, comment2_.id as comment_2_2_1_, comment2_.id as id1_5_2_, comment2_.content as content2_5_2_, comment2_.create_time as create_t3_5_2_, comment2_.user_id as user_id4_5_2_ from blog blog0_ left outer join blog_comment comments1_ on blog0_.id=comments1_.blog_id left outer join comment comment2_ on comments1_.comment_id=comment2_.id where blog0_.id=?
Hibernate: select blog0_.id as id1_1_1_, blog0_.catalog_id as catalog11_1_1_, blog0_.comment_size as comment_2_1_1_, blog0_.content as content3_1_1_, blog0_.create_time as create_t4_1_1_, blog0_.html_content as html_con5_1_1_, blog0_.read_size as read_siz6_1_1_, blog0_.summary as summary7_1_1_, blog0_.tags as tags8_1_1_, blog0_.title as title9_1_1_, blog0_.user_id as user_id12_1_1_, blog0_.vote_size as vote_si10_1_1_, comments1_.blog_id as blog_id1_2_3_, comment2_.id as comment_2_2_3_, comment2_.id as id1_5_0_, comment2_.content as content2_5_0_, comment2_.create_time as create_t3_5_0_, comment2_.user_id as user_id4_5_0_ from blog blog0_ left outer join blog_comment comments1_ on blog0_.id=comments1_.blog_id left outer join comment comment2_ on comments1_.comment_id=comment2_.id where blog0_.id=?
Hibernate: update blog set catalog_id=?, comment_size=?, content=?, create_time=?, html_content=?, read_size=?, summary=?, tags=?, title=?, user_id=?, vote_size=? where id=?
1001
Hibernate: select blog0_.id as id1_1_0_, blog0_.catalog_id as catalog11_1_0_, blog0_.comment_size as comment_2_1_0_, blog0_.content as content3_1_0_, blog0_.create_time as create_t4_1_0_, blog0_.html_content as html_con5_1_0_, blog0_.read_size as read_siz6_1_0_, blog0_.summary as summary7_1_0_, blog0_.tags as tags8_1_0_, blog0_.title as title9_1_0_, blog0_.user_id as user_id12_1_0_, blog0_.vote_size as vote_si10_1_0_, comments1_.blog_id as blog_id1_2_1_, comment2_.id as comment_2_2_1_, comment2_.id as id1_5_2_, comment2_.content as content2_5_2_, comment2_.create_time as create_t3_5_2_, comment2_.user_id as user_id4_5_2_ from blog blog0_ left outer join blog_comment comments1_ on blog0_.id=comments1_.blog_id left outer join comment comment2_ on comments1_.comment_id=comment2_.id where blog0_.id=?
1001
]]></system-out>
  <system-err><![CDATA[]]></system-err>
</testsuite>
